CRITICAL - 2023-01-23 20:23:47 --> Division by zero
in APPPATH\Controllers\Proses.php on line 61.
 1 SYSTEMPATH\CodeIgniter.php(927): App\Controllers\Proses->analisadata('P16119022')
 2 SYSTEMPATH\CodeIgniter.php(482): CodeIgniter\CodeIgniter->runController(Object(App\Controllers\Proses))
 3 SYSTEMPATH\CodeIgniter.php(351): CodeIgniter\CodeIgniter->handleRequest(null, Object(Config\Cache), false)
 4 FCPATH\index.php(67): CodeIgniter\CodeIgniter->run()
 5 SYSTEMPATH\Commands\Server\rewrite.php(46): require_once('FCPATH\\index.php')
CRITICAL - 2023-01-23 20:24:36 --> Division by zero
in APPPATH\Controllers\Proses.php on line 61.
 1 SYSTEMPATH\CodeIgniter.php(927): App\Controllers\Proses->analisadata('P16119022')
 2 SYSTEMPATH\CodeIgniter.php(482): CodeIgniter\CodeIgniter->runController(Object(App\Controllers\Proses))
 3 SYSTEMPATH\CodeIgniter.php(351): CodeIgniter\CodeIgniter->handleRequest(null, Object(Config\Cache), false)
 4 FCPATH\index.php(67): CodeIgniter\CodeIgniter->run()
 5 SYSTEMPATH\Commands\Server\rewrite.php(46): require_once('FCPATH\\index.php')
CRITICAL - 2023-01-23 20:25:21 --> Division by zero
in APPPATH\Controllers\Proses.php on line 61.
 1 SYSTEMPATH\CodeIgniter.php(927): App\Controllers\Proses->analisadata('P16119022')
 2 SYSTEMPATH\CodeIgniter.php(482): CodeIgniter\CodeIgniter->runController(Object(App\Controllers\Proses))
 3 SYSTEMPATH\CodeIgniter.php(351): CodeIgniter\CodeIgniter->handleRequest(null, Object(Config\Cache), false)
 4 FCPATH\index.php(67): CodeIgniter\CodeIgniter->run()
 5 SYSTEMPATH\Commands\Server\rewrite.php(46): require_once('FCPATH\\index.php')
ERROR - 2023-01-23 20:36:23 --> Error connecting to the database: mysqli_sql_exception: Unknown database 'atala' in C:\xampp\htdocs\atala\system\Database\MySQLi\Connection.php:171
Stack trace:
#0 C:\xampp\htdocs\atala\system\Database\MySQLi\Connection.php(171): mysqli->real_connect('localhost', 'root', '', 'atala', 3306, '', 0)
#1 C:\xampp\htdocs\atala\system\Database\BaseConnection.php(382): CodeIgniter\Database\MySQLi\Connection->connect(false)
#2 C:\xampp\htdocs\atala\system\Database\BaseConnection.php(561): CodeIgniter\Database\BaseConnection->initialize()
#3 C:\xampp\htdocs\atala\app\Views\admin\landing.php(3): CodeIgniter\Database\BaseConnection->query('select * from p...')
#4 C:\xampp\htdocs\atala\system\View\View.php(213): include('C:\\xampp\\htdocs...')
#5 C:\xampp\htdocs\atala\system\View\View.php(216): CodeIgniter\View\View->CodeIgniter\View\{closure}()
#6 C:\xampp\htdocs\atala\system\Common.php(1134): CodeIgniter\View\View->render('admin/landing', Array, true)
#7 C:\xampp\htdocs\atala\app\Controllers\Admin.php(9): view('admin/landing')
#8 C:\xampp\htdocs\atala\system\CodeIgniter.php(927): App\Controllers\Admin->index()
#9 C:\xampp\htdocs\atala\system\CodeIgniter.php(482): CodeIgniter\CodeIgniter->runController(Object(App\Controllers\Admin))
#10 C:\xampp\htdocs\atala\system\CodeIgniter.php(351): CodeIgniter\CodeIgniter->handleRequest(NULL, Object(Config\Cache), false)
#11 C:\xampp\htdocs\atala\public\index.php(67): CodeIgniter\CodeIgniter->run()
#12 C:\xampp\htdocs\atala\system\Commands\Server\rewrite.php(46): require_once('C:\\xampp\\htdocs...')
#13 {main}

Next CodeIgniter\Database\Exceptions\DatabaseException: Unknown database 'atala' in C:\xampp\htdocs\atala\system\Database\MySQLi\Connection.php:215
Stack trace:
#0 C:\xampp\htdocs\atala\system\Database\BaseConnection.php(382): CodeIgniter\Database\MySQLi\Connection->connect(false)
#1 C:\xampp\htdocs\atala\system\Database\BaseConnection.php(561): CodeIgniter\Database\BaseConnection->initialize()
#2 C:\xampp\htdocs\atala\app\Views\admin\landing.php(3): CodeIgniter\Database\BaseConnection->query('select * from p...')
#3 C:\xampp\htdocs\atala\system\View\View.php(213): include('C:\\xampp\\htdocs...')
#4 C:\xampp\htdocs\atala\system\View\View.php(216): CodeIgniter\View\View->CodeIgniter\View\{closure}()
#5 C:\xampp\htdocs\atala\system\Common.php(1134): CodeIgniter\View\View->render('admin/landing', Array, true)
#6 C:\xampp\htdocs\atala\app\Controllers\Admin.php(9): view('admin/landing')
#7 C:\xampp\htdocs\atala\system\CodeIgniter.php(927): App\Controllers\Admin->index()
#8 C:\xampp\htdocs\atala\system\CodeIgniter.php(482): CodeIgniter\CodeIgniter->runController(Object(App\Controllers\Admin))
#9 C:\xampp\htdocs\atala\system\CodeIgniter.php(351): CodeIgniter\CodeIgniter->handleRequest(NULL, Object(Config\Cache), false)
#10 C:\xampp\htdocs\atala\public\index.php(67): CodeIgniter\CodeIgniter->run()
#11 C:\xampp\htdocs\atala\system\Commands\Server\rewrite.php(46): require_once('C:\\xampp\\htdocs...')
#12 {main}
CRITICAL - 2023-01-23 20:36:23 --> Unable to connect to the database.
Main connection [MySQLi]: Unknown database 'atala'
in SYSTEMPATH\Database\BaseConnection.php on line 418.
 1 SYSTEMPATH\Database\BaseConnection.php(561): CodeIgniter\Database\BaseConnection->initialize()
 2 APPPATH\Views\admin\landing.php(3): CodeIgniter\Database\BaseConnection->query('select * from pengguna where status = \'\' order by nama asc')
 3 SYSTEMPATH\View\View.php(213): include('APPPATH\\Views\\admin\\landing.php')
 4 SYSTEMPATH\View\View.php(216): CodeIgniter\View\View->CodeIgniter\View\{closure}()
 5 SYSTEMPATH\Common.php(1134): CodeIgniter\View\View->render('admin/landing', [], true)
 6 APPPATH\Controllers\Admin.php(9): view('admin/landing')
 7 SYSTEMPATH\CodeIgniter.php(927): App\Controllers\Admin->index()
 8 SYSTEMPATH\CodeIgniter.php(482): CodeIgniter\CodeIgniter->runController(Object(App\Controllers\Admin))
 9 SYSTEMPATH\CodeIgniter.php(351): CodeIgniter\CodeIgniter->handleRequest(null, Object(Config\Cache), false)
10 FCPATH\index.php(67): CodeIgniter\CodeIgniter->run()
11 SYSTEMPATH\Commands\Server\rewrite.php(46): require_once('FCPATH\\index.php')
ERROR - 2023-01-23 20:36:24 --> Error connecting to the database: mysqli_sql_exception: Unknown database 'atala' in C:\xampp\htdocs\atala\system\Database\MySQLi\Connection.php:171
Stack trace:
#0 C:\xampp\htdocs\atala\system\Database\MySQLi\Connection.php(171): mysqli->real_connect('localhost', 'root', '', 'atala', 3306, '', 0)
#1 C:\xampp\htdocs\atala\system\Database\BaseConnection.php(382): CodeIgniter\Database\MySQLi\Connection->connect(false)
#2 C:\xampp\htdocs\atala\system\Database\BaseConnection.php(561): CodeIgniter\Database\BaseConnection->initialize()
#3 C:\xampp\htdocs\atala\app\Views\admin\landing.php(3): CodeIgniter\Database\BaseConnection->query('select * from p...')
#4 C:\xampp\htdocs\atala\system\View\View.php(213): include('C:\\xampp\\htdocs...')
#5 C:\xampp\htdocs\atala\system\View\View.php(216): CodeIgniter\View\View->CodeIgniter\View\{closure}()
#6 C:\xampp\htdocs\atala\system\Common.php(1134): CodeIgniter\View\View->render('admin/landing', Array, true)
#7 C:\xampp\htdocs\atala\app\Controllers\Admin.php(9): view('admin/landing')
#8 C:\xampp\htdocs\atala\system\CodeIgniter.php(927): App\Controllers\Admin->index()
#9 C:\xampp\htdocs\atala\system\CodeIgniter.php(482): CodeIgniter\CodeIgniter->runController(Object(App\Controllers\Admin))
#10 C:\xampp\htdocs\atala\system\CodeIgniter.php(351): CodeIgniter\CodeIgniter->handleRequest(NULL, Object(Config\Cache), false)
#11 C:\xampp\htdocs\atala\public\index.php(67): CodeIgniter\CodeIgniter->run()
#12 C:\xampp\htdocs\atala\system\Commands\Server\rewrite.php(46): require_once('C:\\xampp\\htdocs...')
#13 {main}

Next CodeIgniter\Database\Exceptions\DatabaseException: Unknown database 'atala' in C:\xampp\htdocs\atala\system\Database\MySQLi\Connection.php:215
Stack trace:
#0 C:\xampp\htdocs\atala\system\Database\BaseConnection.php(382): CodeIgniter\Database\MySQLi\Connection->connect(false)
#1 C:\xampp\htdocs\atala\system\Database\BaseConnection.php(561): CodeIgniter\Database\BaseConnection->initialize()
#2 C:\xampp\htdocs\atala\app\Views\admin\landing.php(3): CodeIgniter\Database\BaseConnection->query('select * from p...')
#3 C:\xampp\htdocs\atala\system\View\View.php(213): include('C:\\xampp\\htdocs...')
#4 C:\xampp\htdocs\atala\system\View\View.php(216): CodeIgniter\View\View->CodeIgniter\View\{closure}()
#5 C:\xampp\htdocs\atala\system\Common.php(1134): CodeIgniter\View\View->render('admin/landing', Array, true)
#6 C:\xampp\htdocs\atala\app\Controllers\Admin.php(9): view('admin/landing')
#7 C:\xampp\htdocs\atala\system\CodeIgniter.php(927): App\Controllers\Admin->index()
#8 C:\xampp\htdocs\atala\system\CodeIgniter.php(482): CodeIgniter\CodeIgniter->runController(Object(App\Controllers\Admin))
#9 C:\xampp\htdocs\atala\system\CodeIgniter.php(351): CodeIgniter\CodeIgniter->handleRequest(NULL, Object(Config\Cache), false)
#10 C:\xampp\htdocs\atala\public\index.php(67): CodeIgniter\CodeIgniter->run()
#11 C:\xampp\htdocs\atala\system\Commands\Server\rewrite.php(46): require_once('C:\\xampp\\htdocs...')
#12 {main}
CRITICAL - 2023-01-23 20:36:24 --> Unable to connect to the database.
Main connection [MySQLi]: Unknown database 'atala'
in SYSTEMPATH\Database\BaseConnection.php on line 418.
 1 SYSTEMPATH\Database\BaseConnection.php(561): CodeIgniter\Database\BaseConnection->initialize()
 2 APPPATH\Views\admin\landing.php(3): CodeIgniter\Database\BaseConnection->query('select * from pengguna where status = \'\' order by nama asc')
 3 SYSTEMPATH\View\View.php(213): include('APPPATH\\Views\\admin\\landing.php')
 4 SYSTEMPATH\View\View.php(216): CodeIgniter\View\View->CodeIgniter\View\{closure}()
 5 SYSTEMPATH\Common.php(1134): CodeIgniter\View\View->render('admin/landing', [], true)
 6 APPPATH\Controllers\Admin.php(9): view('admin/landing')
 7 SYSTEMPATH\CodeIgniter.php(927): App\Controllers\Admin->index()
 8 SYSTEMPATH\CodeIgniter.php(482): CodeIgniter\CodeIgniter->runController(Object(App\Controllers\Admin))
 9 SYSTEMPATH\CodeIgniter.php(351): CodeIgniter\CodeIgniter->handleRequest(null, Object(Config\Cache), false)
10 FCPATH\index.php(67): CodeIgniter\CodeIgniter->run()
11 SYSTEMPATH\Commands\Server\rewrite.php(46): require_once('FCPATH\\index.php')
CRITICAL - 2023-01-23 21:09:57 --> Undefined variable $max
in APPPATH\Controllers\Proses.php on line 65.
 1 APPPATH\Controllers\Proses.php(65): CodeIgniter\Debug\Exceptions->errorHandler(2, 'Undefined variable $max', 'APPPATH\\Controllers\\Proses.php', 65)
 2 SYSTEMPATH\CodeIgniter.php(927): App\Controllers\Proses->analisadata('P16119022')
 3 SYSTEMPATH\CodeIgniter.php(482): CodeIgniter\CodeIgniter->runController(Object(App\Controllers\Proses))
 4 SYSTEMPATH\CodeIgniter.php(351): CodeIgniter\CodeIgniter->handleRequest(null, Object(Config\Cache), false)
 5 FCPATH\index.php(67): CodeIgniter\CodeIgniter->run()
 6 SYSTEMPATH\Commands\Server\rewrite.php(46): require_once('FCPATH\\index.php')
CRITICAL - 2023-01-23 21:11:05 --> Undefined variable $max
in APPPATH\Controllers\Proses.php on line 65.
 1 APPPATH\Controllers\Proses.php(65): CodeIgniter\Debug\Exceptions->errorHandler(2, 'Undefined variable $max', 'APPPATH\\Controllers\\Proses.php', 65)
 2 SYSTEMPATH\CodeIgniter.php(927): App\Controllers\Proses->analisadata('P16119022')
 3 SYSTEMPATH\CodeIgniter.php(482): CodeIgniter\CodeIgniter->runController(Object(App\Controllers\Proses))
 4 SYSTEMPATH\CodeIgniter.php(351): CodeIgniter\CodeIgniter->handleRequest(null, Object(Config\Cache), false)
 5 FCPATH\index.php(67): CodeIgniter\CodeIgniter->run()
 6 SYSTEMPATH\Commands\Server\rewrite.php(46): require_once('FCPATH\\index.php')
CRITICAL - 2023-01-23 21:11:21 --> Undefined variable $max
in APPPATH\Controllers\Proses.php on line 65.
 1 APPPATH\Controllers\Proses.php(65): CodeIgniter\Debug\Exceptions->errorHandler(2, 'Undefined variable $max', 'APPPATH\\Controllers\\Proses.php', 65)
 2 SYSTEMPATH\CodeIgniter.php(927): App\Controllers\Proses->analisadata('P08123022')
 3 SYSTEMPATH\CodeIgniter.php(482): CodeIgniter\CodeIgniter->runController(Object(App\Controllers\Proses))
 4 SYSTEMPATH\CodeIgniter.php(351): CodeIgniter\CodeIgniter->handleRequest(null, Object(Config\Cache), false)
 5 FCPATH\index.php(67): CodeIgniter\CodeIgniter->run()
 6 SYSTEMPATH\Commands\Server\rewrite.php(46): require_once('FCPATH\\index.php')
CRITICAL - 2023-01-23 21:16:39 --> Trying to access array offset on value of type null
in APPPATH\Controllers\Laporan.php on line 125.
 1 APPPATH\Controllers\Laporan.php(125): CodeIgniter\Debug\Exceptions->errorHandler(2, 'Trying to access array offset on value of type null', 'APPPATH\\Controllers\\Laporan.php', 125)
 2 SYSTEMPATH\CodeIgniter.php(927): App\Controllers\Laporan->cetakdata('P16119022')
 3 SYSTEMPATH\CodeIgniter.php(482): CodeIgniter\CodeIgniter->runController(Object(App\Controllers\Laporan))
 4 SYSTEMPATH\CodeIgniter.php(351): CodeIgniter\CodeIgniter->handleRequest(null, Object(Config\Cache), false)
 5 FCPATH\index.php(67): CodeIgniter\CodeIgniter->run()
 6 SYSTEMPATH\Commands\Server\rewrite.php(46): require_once('FCPATH\\index.php')
CRITICAL - 2023-01-23 21:17:13 --> Trying to access array offset on value of type null
in APPPATH\Controllers\Laporan.php on line 125.
 1 APPPATH\Controllers\Laporan.php(125): CodeIgniter\Debug\Exceptions->errorHandler(2, 'Trying to access array offset on value of type null', 'APPPATH\\Controllers\\Laporan.php', 125)
 2 SYSTEMPATH\CodeIgniter.php(927): App\Controllers\Laporan->cetakdata('P16119022')
 3 SYSTEMPATH\CodeIgniter.php(482): CodeIgniter\CodeIgniter->runController(Object(App\Controllers\Laporan))
 4 SYSTEMPATH\CodeIgniter.php(351): CodeIgniter\CodeIgniter->handleRequest(null, Object(Config\Cache), false)
 5 FCPATH\index.php(67): CodeIgniter\CodeIgniter->run()
 6 SYSTEMPATH\Commands\Server\rewrite.php(46): require_once('FCPATH\\index.php')
CRITICAL - 2023-01-23 21:17:25 --> Trying to access array offset on value of type null
in APPPATH\Controllers\Laporan.php on line 125.
 1 APPPATH\Controllers\Laporan.php(125): CodeIgniter\Debug\Exceptions->errorHandler(2, 'Trying to access array offset on value of type null', 'APPPATH\\Controllers\\Laporan.php', 125)
 2 SYSTEMPATH\CodeIgniter.php(927): App\Controllers\Laporan->cetakdata('P16119022')
 3 SYSTEMPATH\CodeIgniter.php(482): CodeIgniter\CodeIgniter->runController(Object(App\Controllers\Laporan))
 4 SYSTEMPATH\CodeIgniter.php(351): CodeIgniter\CodeIgniter->handleRequest(null, Object(Config\Cache), false)
 5 FCPATH\index.php(67): CodeIgniter\CodeIgniter->run()
 6 SYSTEMPATH\Commands\Server\rewrite.php(46): require_once('FCPATH\\index.php')
CRITICAL - 2023-01-23 21:33:04 --> Trying to access array offset on value of type null
in APPPATH\Controllers\Laporan.php on line 125.
 1 APPPATH\Controllers\Laporan.php(125): CodeIgniter\Debug\Exceptions->errorHandler(2, 'Trying to access array offset on value of type null', 'APPPATH\\Controllers\\Laporan.php', 125)
 2 SYSTEMPATH\CodeIgniter.php(927): App\Controllers\Laporan->cetakdata('P16119022')
 3 SYSTEMPATH\CodeIgniter.php(482): CodeIgniter\CodeIgniter->runController(Object(App\Controllers\Laporan))
 4 SYSTEMPATH\CodeIgniter.php(351): CodeIgniter\CodeIgniter->handleRequest(null, Object(Config\Cache), false)
 5 FCPATH\index.php(67): CodeIgniter\CodeIgniter->run()
 6 SYSTEMPATH\Commands\Server\rewrite.php(46): require_once('FCPATH\\index.php')
CRITICAL - 2023-01-23 21:33:49 --> Trying to access array offset on value of type null
in APPPATH\Controllers\Laporan.php on line 125.
 1 APPPATH\Controllers\Laporan.php(125): CodeIgniter\Debug\Exceptions->errorHandler(2, 'Trying to access array offset on value of type null', 'APPPATH\\Controllers\\Laporan.php', 125)
 2 SYSTEMPATH\CodeIgniter.php(927): App\Controllers\Laporan->cetakdata('P16119022')
 3 SYSTEMPATH\CodeIgniter.php(482): CodeIgniter\CodeIgniter->runController(Object(App\Controllers\Laporan))
 4 SYSTEMPATH\CodeIgniter.php(351): CodeIgniter\CodeIgniter->handleRequest(null, Object(Config\Cache), false)
 5 FCPATH\index.php(67): CodeIgniter\CodeIgniter->run()
 6 SYSTEMPATH\Commands\Server\rewrite.php(46): require_once('FCPATH\\index.php')
CRITICAL - 2023-01-23 21:40:23 --> Trying to access array offset on value of type null
in APPPATH\Controllers\Laporan.php on line 125.
 1 APPPATH\Controllers\Laporan.php(125): CodeIgniter\Debug\Exceptions->errorHandler(2, 'Trying to access array offset on value of type null', 'APPPATH\\Controllers\\Laporan.php', 125)
 2 SYSTEMPATH\CodeIgniter.php(927): App\Controllers\Laporan->cetakdata('P16117522')
 3 SYSTEMPATH\CodeIgniter.php(482): CodeIgniter\CodeIgniter->runController(Object(App\Controllers\Laporan))
 4 SYSTEMPATH\CodeIgniter.php(351): CodeIgniter\CodeIgniter->handleRequest(null, Object(Config\Cache), false)
 5 FCPATH\index.php(67): CodeIgniter\CodeIgniter->run()
 6 SYSTEMPATH\Commands\Server\rewrite.php(46): require_once('FCPATH\\index.php')
