ERROR - 2022-12-10 18:39:07 --> mysqli_sql_exception: Table 'atala.supplier' doesn't exist in C:\xampp\htdocs\atala\system\Database\MySQLi\Connection.php:292
Stack trace:
#0 C:\xampp\htdocs\atala\system\Database\MySQLi\Connection.php(292): mysqli->query('select * from s...', 0)
#1 C:\xampp\htdocs\atala\system\Database\BaseConnection.php(666): CodeIgniter\Database\MySQLi\Connection->execute('select * from s...')
#2 C:\xampp\htdocs\atala\system\Database\BaseConnection.php(593): CodeIgniter\Database\BaseConnection->simpleQuery('select * from s...')
#3 C:\xampp\htdocs\atala\app\Views\admin\landing.php(99): CodeIgniter\Database\BaseConnection->query('select * from s...')
#4 C:\xampp\htdocs\atala\system\View\View.php(213): include('C:\\xampp\\htdocs...')
#5 C:\xampp\htdocs\atala\system\View\View.php(216): CodeIgniter\View\View->CodeIgniter\View\{closure}()
#6 C:\xampp\htdocs\atala\system\Common.php(1134): CodeIgniter\View\View->render('admin/landing', Array, true)
#7 C:\xampp\htdocs\atala\app\Controllers\Admin.php(9): view('admin/landing')
#8 C:\xampp\htdocs\atala\system\CodeIgniter.php(927): App\Controllers\Admin->index()
#9 C:\xampp\htdocs\atala\system\CodeIgniter.php(482): CodeIgniter\CodeIgniter->runController(Object(App\Controllers\Admin))
#10 C:\xampp\htdocs\atala\system\CodeIgniter.php(351): CodeIgniter\CodeIgniter->handleRequest(NULL, Object(Config\Cache), false)
#11 C:\xampp\htdocs\atala\public\index.php(67): CodeIgniter\CodeIgniter->run()
#12 C:\xampp\htdocs\atala\system\Commands\Server\rewrite.php(46): require_once('C:\\xampp\\htdocs...')
#13 {main}
CRITICAL - 2022-12-10 18:39:07 --> Call to a member function getResultArray() on bool
in APPPATH\Views\admin\landing.php on line 99.
 1 SYSTEMPATH\View\View.php(213): include()
 2 SYSTEMPATH\View\View.php(216): CodeIgniter\View\View->CodeIgniter\View\{closure}()
 3 SYSTEMPATH\Common.php(1134): CodeIgniter\View\View->render('admin/landing', [], true)
 4 APPPATH\Controllers\Admin.php(9): view('admin/landing')
 5 SYSTEMPATH\CodeIgniter.php(927): App\Controllers\Admin->index()
 6 SYSTEMPATH\CodeIgniter.php(482): CodeIgniter\CodeIgniter->runController(Object(App\Controllers\Admin))
 7 SYSTEMPATH\CodeIgniter.php(351): CodeIgniter\CodeIgniter->handleRequest(null, Object(Config\Cache), false)
 8 FCPATH\index.php(67): CodeIgniter\CodeIgniter->run()
 9 SYSTEMPATH\Commands\Server\rewrite.php(46): require_once('FCPATH\\index.php')
