CRITICAL - 2022-11-23 09:01:19 --> Undefined array key "status"
in APPPATH\Views\supplier\register.php on line 51.
 1 APPPATH\Views\supplier\register.php(51): CodeIgniter\Debug\Exceptions->errorHandler(2, 'Undefined array key "status"', 'APPPATH\\Views\\supplier\\register.php', 51)
 2 SYSTEMPATH\View\View.php(213): include('APPPATH\\Views\\supplier\\register.php')
 3 SYSTEMPATH\View\View.php(216): CodeIgniter\View\View->CodeIgniter\View\{closure}()
 4 SYSTEMPATH\Common.php(1134): CodeIgniter\View\View->render('supplier/register', [], true)
 5 APPPATH\Controllers\Register.php(12): view('supplier/register', [...])
 6 SYSTEMPATH\CodeIgniter.php(927): App\Controllers\Register->index()
 7 SYSTEMPATH\CodeIgniter.php(482): CodeIgniter\CodeIgniter->runController(Object(App\Controllers\Register))
 8 SYSTEMPATH\CodeIgniter.php(351): CodeIgniter\CodeIgniter->handleRequest(null, Object(Config\Cache), false)
 9 FCPATH\index.php(67): CodeIgniter\CodeIgniter->run()
10 SYSTEMPATH\Commands\Server\rewrite.php(46): require_once('FCPATH\\index.php')
ERROR - 2022-11-23 09:03:46 --> mysqli_sql_exception: You have an error in your SQL syntax; check the manual that corresponds to your MariaDB server version for the right syntax to use near '' at line 1 in C:\xampp\htdocs\atala\system\Database\MySQLi\Connection.php:292
Stack trace:
#0 C:\xampp\htdocs\atala\system\Database\MySQLi\Connection.php(292): mysqli->query('select ', 0)
#1 C:\xampp\htdocs\atala\system\Database\BaseConnection.php(666): CodeIgniter\Database\MySQLi\Connection->execute('select ')
#2 C:\xampp\htdocs\atala\system\Database\BaseConnection.php(593): CodeIgniter\Database\BaseConnection->simpleQuery('select ')
#3 C:\xampp\htdocs\atala\app\Views\supplier\register.php(152): CodeIgniter\Database\BaseConnection->query('select ')
#4 C:\xampp\htdocs\atala\system\View\View.php(213): include('C:\\xampp\\htdocs...')
#5 C:\xampp\htdocs\atala\system\View\View.php(216): CodeIgniter\View\View->CodeIgniter\View\{closure}()
#6 C:\xampp\htdocs\atala\system\Common.php(1134): CodeIgniter\View\View->render('supplier/regist...', Array, true)
#7 C:\xampp\htdocs\atala\app\Controllers\Register.php(12): view('supplier/regist...', Array)
#8 C:\xampp\htdocs\atala\system\CodeIgniter.php(927): App\Controllers\Register->index()
#9 C:\xampp\htdocs\atala\system\CodeIgniter.php(482): CodeIgniter\CodeIgniter->runController(Object(App\Controllers\Register))
#10 C:\xampp\htdocs\atala\system\CodeIgniter.php(351): CodeIgniter\CodeIgniter->handleRequest(NULL, Object(Config\Cache), false)
#11 C:\xampp\htdocs\atala\public\index.php(67): CodeIgniter\CodeIgniter->run()
#12 C:\xampp\htdocs\atala\system\Commands\Server\rewrite.php(46): require_once('C:\\xampp\\htdocs...')
#13 {main}
CRITICAL - 2022-11-23 09:04:17 --> Undefined array key "koderegister"
in APPPATH\Views\supplier\register.php on line 98.
 1 APPPATH\Views\supplier\register.php(98): CodeIgniter\Debug\Exceptions->errorHandler(2, 'Undefined array key "koderegister"', 'APPPATH\\Views\\supplier\\register.php', 98)
 2 SYSTEMPATH\View\View.php(213): include('APPPATH\\Views\\supplier\\register.php')
 3 SYSTEMPATH\View\View.php(216): CodeIgniter\View\View->CodeIgniter\View\{closure}()
 4 SYSTEMPATH\Common.php(1134): CodeIgniter\View\View->render('supplier/register', [], true)
 5 APPPATH\Controllers\Register.php(12): view('supplier/register', [...])
 6 SYSTEMPATH\CodeIgniter.php(927): App\Controllers\Register->index()
 7 SYSTEMPATH\CodeIgniter.php(482): CodeIgniter\CodeIgniter->runController(Object(App\Controllers\Register))
 8 SYSTEMPATH\CodeIgniter.php(351): CodeIgniter\CodeIgniter->handleRequest(null, Object(Config\Cache), false)
 9 FCPATH\index.php(67): CodeIgniter\CodeIgniter->run()
10 SYSTEMPATH\Commands\Server\rewrite.php(46): require_once('FCPATH\\index.php')
CRITICAL - 2022-11-23 09:04:34 --> Trying to access array offset on value of type null
in APPPATH\Views\supplier\register.php on line 98.
 1 APPPATH\Views\supplier\register.php(98): CodeIgniter\Debug\Exceptions->errorHandler(2, 'Trying to access array offset on value of type null', 'APPPATH\\Views\\supplier\\register.php', 98)
 2 SYSTEMPATH\View\View.php(213): include('APPPATH\\Views\\supplier\\register.php')
 3 SYSTEMPATH\View\View.php(216): CodeIgniter\View\View->CodeIgniter\View\{closure}()
 4 SYSTEMPATH\Common.php(1134): CodeIgniter\View\View->render('supplier/register', [], true)
 5 APPPATH\Controllers\Register.php(12): view('supplier/register', [...])
 6 SYSTEMPATH\CodeIgniter.php(927): App\Controllers\Register->index()
 7 SYSTEMPATH\CodeIgniter.php(482): CodeIgniter\CodeIgniter->runController(Object(App\Controllers\Register))
 8 SYSTEMPATH\CodeIgniter.php(351): CodeIgniter\CodeIgniter->handleRequest(null, Object(Config\Cache), false)
 9 FCPATH\index.php(67): CodeIgniter\CodeIgniter->run()
10 SYSTEMPATH\Commands\Server\rewrite.php(46): require_once('FCPATH\\index.php')
CRITICAL - 2022-11-23 09:04:36 --> Trying to access array offset on value of type null
in APPPATH\Views\supplier\register.php on line 98.
 1 APPPATH\Views\supplier\register.php(98): CodeIgniter\Debug\Exceptions->errorHandler(2, 'Trying to access array offset on value of type null', 'APPPATH\\Views\\supplier\\register.php', 98)
 2 SYSTEMPATH\View\View.php(213): include('APPPATH\\Views\\supplier\\register.php')
 3 SYSTEMPATH\View\View.php(216): CodeIgniter\View\View->CodeIgniter\View\{closure}()
 4 SYSTEMPATH\Common.php(1134): CodeIgniter\View\View->render('supplier/register', [], true)
 5 APPPATH\Controllers\Register.php(12): view('supplier/register', [...])
 6 SYSTEMPATH\CodeIgniter.php(927): App\Controllers\Register->index()
 7 SYSTEMPATH\CodeIgniter.php(482): CodeIgniter\CodeIgniter->runController(Object(App\Controllers\Register))
 8 SYSTEMPATH\CodeIgniter.php(351): CodeIgniter\CodeIgniter->handleRequest(null, Object(Config\Cache), false)
 9 FCPATH\index.php(67): CodeIgniter\CodeIgniter->run()
10 SYSTEMPATH\Commands\Server\rewrite.php(46): require_once('FCPATH\\index.php')
CRITICAL - 2022-11-23 09:04:36 --> Trying to access array offset on value of type null
in APPPATH\Views\supplier\register.php on line 98.
 1 APPPATH\Views\supplier\register.php(98): CodeIgniter\Debug\Exceptions->errorHandler(2, 'Trying to access array offset on value of type null', 'APPPATH\\Views\\supplier\\register.php', 98)
 2 SYSTEMPATH\View\View.php(213): include('APPPATH\\Views\\supplier\\register.php')
 3 SYSTEMPATH\View\View.php(216): CodeIgniter\View\View->CodeIgniter\View\{closure}()
 4 SYSTEMPATH\Common.php(1134): CodeIgniter\View\View->render('supplier/register', [], true)
 5 APPPATH\Controllers\Register.php(12): view('supplier/register', [...])
 6 SYSTEMPATH\CodeIgniter.php(927): App\Controllers\Register->index()
 7 SYSTEMPATH\CodeIgniter.php(482): CodeIgniter\CodeIgniter->runController(Object(App\Controllers\Register))
 8 SYSTEMPATH\CodeIgniter.php(351): CodeIgniter\CodeIgniter->handleRequest(null, Object(Config\Cache), false)
 9 FCPATH\index.php(67): CodeIgniter\CodeIgniter->run()
10 SYSTEMPATH\Commands\Server\rewrite.php(46): require_once('FCPATH\\index.php')
CRITICAL - 2022-11-23 09:04:36 --> Trying to access array offset on value of type null
in APPPATH\Views\supplier\register.php on line 98.
 1 APPPATH\Views\supplier\register.php(98): CodeIgniter\Debug\Exceptions->errorHandler(2, 'Trying to access array offset on value of type null', 'APPPATH\\Views\\supplier\\register.php', 98)
 2 SYSTEMPATH\View\View.php(213): include('APPPATH\\Views\\supplier\\register.php')
 3 SYSTEMPATH\View\View.php(216): CodeIgniter\View\View->CodeIgniter\View\{closure}()
 4 SYSTEMPATH\Common.php(1134): CodeIgniter\View\View->render('supplier/register', [], true)
 5 APPPATH\Controllers\Register.php(12): view('supplier/register', [...])
 6 SYSTEMPATH\CodeIgniter.php(927): App\Controllers\Register->index()
 7 SYSTEMPATH\CodeIgniter.php(482): CodeIgniter\CodeIgniter->runController(Object(App\Controllers\Register))
 8 SYSTEMPATH\CodeIgniter.php(351): CodeIgniter\CodeIgniter->handleRequest(null, Object(Config\Cache), false)
 9 FCPATH\index.php(67): CodeIgniter\CodeIgniter->run()
10 SYSTEMPATH\Commands\Server\rewrite.php(46): require_once('FCPATH\\index.php')
CRITICAL - 2022-11-23 09:04:36 --> Trying to access array offset on value of type null
in APPPATH\Views\supplier\register.php on line 98.
 1 APPPATH\Views\supplier\register.php(98): CodeIgniter\Debug\Exceptions->errorHandler(2, 'Trying to access array offset on value of type null', 'APPPATH\\Views\\supplier\\register.php', 98)
 2 SYSTEMPATH\View\View.php(213): include('APPPATH\\Views\\supplier\\register.php')
 3 SYSTEMPATH\View\View.php(216): CodeIgniter\View\View->CodeIgniter\View\{closure}()
 4 SYSTEMPATH\Common.php(1134): CodeIgniter\View\View->render('supplier/register', [], true)
 5 APPPATH\Controllers\Register.php(12): view('supplier/register', [...])
 6 SYSTEMPATH\CodeIgniter.php(927): App\Controllers\Register->index()
 7 SYSTEMPATH\CodeIgniter.php(482): CodeIgniter\CodeIgniter->runController(Object(App\Controllers\Register))
 8 SYSTEMPATH\CodeIgniter.php(351): CodeIgniter\CodeIgniter->handleRequest(null, Object(Config\Cache), false)
 9 FCPATH\index.php(67): CodeIgniter\CodeIgniter->run()
10 SYSTEMPATH\Commands\Server\rewrite.php(46): require_once('FCPATH\\index.php')
CRITICAL - 2022-11-23 09:04:46 --> Trying to access array offset on value of type null
in APPPATH\Views\supplier\register.php on line 98.
 1 APPPATH\Views\supplier\register.php(98): CodeIgniter\Debug\Exceptions->errorHandler(2, 'Trying to access array offset on value of type null', 'APPPATH\\Views\\supplier\\register.php', 98)
 2 SYSTEMPATH\View\View.php(213): include('APPPATH\\Views\\supplier\\register.php')
 3 SYSTEMPATH\View\View.php(216): CodeIgniter\View\View->CodeIgniter\View\{closure}()
 4 SYSTEMPATH\Common.php(1134): CodeIgniter\View\View->render('supplier/register', [], true)
 5 APPPATH\Controllers\Register.php(12): view('supplier/register', [...])
 6 SYSTEMPATH\CodeIgniter.php(927): App\Controllers\Register->index()
 7 SYSTEMPATH\CodeIgniter.php(482): CodeIgniter\CodeIgniter->runController(Object(App\Controllers\Register))
 8 SYSTEMPATH\CodeIgniter.php(351): CodeIgniter\CodeIgniter->handleRequest(null, Object(Config\Cache), false)
 9 FCPATH\index.php(67): CodeIgniter\CodeIgniter->run()
10 SYSTEMPATH\Commands\Server\rewrite.php(46): require_once('FCPATH\\index.php')
CRITICAL - 2022-11-23 09:04:47 --> Trying to access array offset on value of type null
in APPPATH\Views\supplier\register.php on line 98.
 1 APPPATH\Views\supplier\register.php(98): CodeIgniter\Debug\Exceptions->errorHandler(2, 'Trying to access array offset on value of type null', 'APPPATH\\Views\\supplier\\register.php', 98)
 2 SYSTEMPATH\View\View.php(213): include('APPPATH\\Views\\supplier\\register.php')
 3 SYSTEMPATH\View\View.php(216): CodeIgniter\View\View->CodeIgniter\View\{closure}()
 4 SYSTEMPATH\Common.php(1134): CodeIgniter\View\View->render('supplier/register', [], true)
 5 APPPATH\Controllers\Register.php(12): view('supplier/register', [...])
 6 SYSTEMPATH\CodeIgniter.php(927): App\Controllers\Register->index()
 7 SYSTEMPATH\CodeIgniter.php(482): CodeIgniter\CodeIgniter->runController(Object(App\Controllers\Register))
 8 SYSTEMPATH\CodeIgniter.php(351): CodeIgniter\CodeIgniter->handleRequest(null, Object(Config\Cache), false)
 9 FCPATH\index.php(67): CodeIgniter\CodeIgniter->run()
10 SYSTEMPATH\Commands\Server\rewrite.php(46): require_once('FCPATH\\index.php')
CRITICAL - 2022-11-23 09:04:48 --> Trying to access array offset on value of type null
in APPPATH\Views\supplier\register.php on line 98.
 1 APPPATH\Views\supplier\register.php(98): CodeIgniter\Debug\Exceptions->errorHandler(2, 'Trying to access array offset on value of type null', 'APPPATH\\Views\\supplier\\register.php', 98)
 2 SYSTEMPATH\View\View.php(213): include('APPPATH\\Views\\supplier\\register.php')
 3 SYSTEMPATH\View\View.php(216): CodeIgniter\View\View->CodeIgniter\View\{closure}()
 4 SYSTEMPATH\Common.php(1134): CodeIgniter\View\View->render('supplier/register', [], true)
 5 APPPATH\Controllers\Register.php(12): view('supplier/register', [...])
 6 SYSTEMPATH\CodeIgniter.php(927): App\Controllers\Register->index()
 7 SYSTEMPATH\CodeIgniter.php(482): CodeIgniter\CodeIgniter->runController(Object(App\Controllers\Register))
 8 SYSTEMPATH\CodeIgniter.php(351): CodeIgniter\CodeIgniter->handleRequest(null, Object(Config\Cache), false)
 9 FCPATH\index.php(67): CodeIgniter\CodeIgniter->run()
10 SYSTEMPATH\Commands\Server\rewrite.php(46): require_once('FCPATH\\index.php')
CRITICAL - 2022-11-23 09:05:41 --> Undefined array key "koderegister"
in APPPATH\Views\supplier\register.php on line 98.
 1 APPPATH\Views\supplier\register.php(98): CodeIgniter\Debug\Exceptions->errorHandler(2, 'Undefined array key "koderegister"', 'APPPATH\\Views\\supplier\\register.php', 98)
 2 SYSTEMPATH\View\View.php(213): include('APPPATH\\Views\\supplier\\register.php')
 3 SYSTEMPATH\View\View.php(216): CodeIgniter\View\View->CodeIgniter\View\{closure}()
 4 SYSTEMPATH\Common.php(1134): CodeIgniter\View\View->render('supplier/register', [], true)
 5 APPPATH\Controllers\Register.php(12): view('supplier/register', [...])
 6 SYSTEMPATH\CodeIgniter.php(927): App\Controllers\Register->index()
 7 SYSTEMPATH\CodeIgniter.php(482): CodeIgniter\CodeIgniter->runController(Object(App\Controllers\Register))
 8 SYSTEMPATH\CodeIgniter.php(351): CodeIgniter\CodeIgniter->handleRequest(null, Object(Config\Cache), false)
 9 FCPATH\index.php(67): CodeIgniter\CodeIgniter->run()
10 SYSTEMPATH\Commands\Server\rewrite.php(46): require_once('FCPATH\\index.php')
CRITICAL - 2022-11-23 09:06:02 --> Undefined array key "koderegister"
in APPPATH\Views\supplier\register.php on line 98.
 1 APPPATH\Views\supplier\register.php(98): CodeIgniter\Debug\Exceptions->errorHandler(2, 'Undefined array key "koderegister"', 'APPPATH\\Views\\supplier\\register.php', 98)
 2 SYSTEMPATH\View\View.php(213): include('APPPATH\\Views\\supplier\\register.php')
 3 SYSTEMPATH\View\View.php(216): CodeIgniter\View\View->CodeIgniter\View\{closure}()
 4 SYSTEMPATH\Common.php(1134): CodeIgniter\View\View->render('supplier/register', [], true)
 5 APPPATH\Controllers\Register.php(12): view('supplier/register', [...])
 6 SYSTEMPATH\CodeIgniter.php(927): App\Controllers\Register->index()
 7 SYSTEMPATH\CodeIgniter.php(482): CodeIgniter\CodeIgniter->runController(Object(App\Controllers\Register))
 8 SYSTEMPATH\CodeIgniter.php(351): CodeIgniter\CodeIgniter->handleRequest(null, Object(Config\Cache), false)
 9 FCPATH\index.php(67): CodeIgniter\CodeIgniter->run()
10 SYSTEMPATH\Commands\Server\rewrite.php(46): require_once('FCPATH\\index.php')
CRITICAL - 2022-11-23 09:06:03 --> Undefined array key "koderegister"
in APPPATH\Views\supplier\register.php on line 98.
 1 APPPATH\Views\supplier\register.php(98): CodeIgniter\Debug\Exceptions->errorHandler(2, 'Undefined array key "koderegister"', 'APPPATH\\Views\\supplier\\register.php', 98)
 2 SYSTEMPATH\View\View.php(213): include('APPPATH\\Views\\supplier\\register.php')
 3 SYSTEMPATH\View\View.php(216): CodeIgniter\View\View->CodeIgniter\View\{closure}()
 4 SYSTEMPATH\Common.php(1134): CodeIgniter\View\View->render('supplier/register', [], true)
 5 APPPATH\Controllers\Register.php(12): view('supplier/register', [...])
 6 SYSTEMPATH\CodeIgniter.php(927): App\Controllers\Register->index()
 7 SYSTEMPATH\CodeIgniter.php(482): CodeIgniter\CodeIgniter->runController(Object(App\Controllers\Register))
 8 SYSTEMPATH\CodeIgniter.php(351): CodeIgniter\CodeIgniter->handleRequest(null, Object(Config\Cache), false)
 9 FCPATH\index.php(67): CodeIgniter\CodeIgniter->run()
10 SYSTEMPATH\Commands\Server\rewrite.php(46): require_once('FCPATH\\index.php')
CRITICAL - 2022-11-23 09:06:04 --> Undefined array key "koderegister"
in APPPATH\Views\supplier\register.php on line 98.
 1 APPPATH\Views\supplier\register.php(98): CodeIgniter\Debug\Exceptions->errorHandler(2, 'Undefined array key "koderegister"', 'APPPATH\\Views\\supplier\\register.php', 98)
 2 SYSTEMPATH\View\View.php(213): include('APPPATH\\Views\\supplier\\register.php')
 3 SYSTEMPATH\View\View.php(216): CodeIgniter\View\View->CodeIgniter\View\{closure}()
 4 SYSTEMPATH\Common.php(1134): CodeIgniter\View\View->render('supplier/register', [], true)
 5 APPPATH\Controllers\Register.php(12): view('supplier/register', [...])
 6 SYSTEMPATH\CodeIgniter.php(927): App\Controllers\Register->index()
 7 SYSTEMPATH\CodeIgniter.php(482): CodeIgniter\CodeIgniter->runController(Object(App\Controllers\Register))
 8 SYSTEMPATH\CodeIgniter.php(351): CodeIgniter\CodeIgniter->handleRequest(null, Object(Config\Cache), false)
 9 FCPATH\index.php(67): CodeIgniter\CodeIgniter->run()
10 SYSTEMPATH\Commands\Server\rewrite.php(46): require_once('FCPATH\\index.php')
CRITICAL - 2022-11-23 09:06:04 --> Undefined array key "koderegister"
in APPPATH\Views\supplier\register.php on line 98.
 1 APPPATH\Views\supplier\register.php(98): CodeIgniter\Debug\Exceptions->errorHandler(2, 'Undefined array key "koderegister"', 'APPPATH\\Views\\supplier\\register.php', 98)
 2 SYSTEMPATH\View\View.php(213): include('APPPATH\\Views\\supplier\\register.php')
 3 SYSTEMPATH\View\View.php(216): CodeIgniter\View\View->CodeIgniter\View\{closure}()
 4 SYSTEMPATH\Common.php(1134): CodeIgniter\View\View->render('supplier/register', [], true)
 5 APPPATH\Controllers\Register.php(12): view('supplier/register', [...])
 6 SYSTEMPATH\CodeIgniter.php(927): App\Controllers\Register->index()
 7 SYSTEMPATH\CodeIgniter.php(482): CodeIgniter\CodeIgniter->runController(Object(App\Controllers\Register))
 8 SYSTEMPATH\CodeIgniter.php(351): CodeIgniter\CodeIgniter->handleRequest(null, Object(Config\Cache), false)
 9 FCPATH\index.php(67): CodeIgniter\CodeIgniter->run()
10 SYSTEMPATH\Commands\Server\rewrite.php(46): require_once('FCPATH\\index.php')
CRITICAL - 2022-11-23 09:06:04 --> Undefined array key "koderegister"
in APPPATH\Views\supplier\register.php on line 98.
 1 APPPATH\Views\supplier\register.php(98): CodeIgniter\Debug\Exceptions->errorHandler(2, 'Undefined array key "koderegister"', 'APPPATH\\Views\\supplier\\register.php', 98)
 2 SYSTEMPATH\View\View.php(213): include('APPPATH\\Views\\supplier\\register.php')
 3 SYSTEMPATH\View\View.php(216): CodeIgniter\View\View->CodeIgniter\View\{closure}()
 4 SYSTEMPATH\Common.php(1134): CodeIgniter\View\View->render('supplier/register', [], true)
 5 APPPATH\Controllers\Register.php(12): view('supplier/register', [...])
 6 SYSTEMPATH\CodeIgniter.php(927): App\Controllers\Register->index()
 7 SYSTEMPATH\CodeIgniter.php(482): CodeIgniter\CodeIgniter->runController(Object(App\Controllers\Register))
 8 SYSTEMPATH\CodeIgniter.php(351): CodeIgniter\CodeIgniter->handleRequest(null, Object(Config\Cache), false)
 9 FCPATH\index.php(67): CodeIgniter\CodeIgniter->run()
10 SYSTEMPATH\Commands\Server\rewrite.php(46): require_once('FCPATH\\index.php')
CRITICAL - 2022-11-23 09:06:04 --> Undefined array key "koderegister"
in APPPATH\Views\supplier\register.php on line 98.
 1 APPPATH\Views\supplier\register.php(98): CodeIgniter\Debug\Exceptions->errorHandler(2, 'Undefined array key "koderegister"', 'APPPATH\\Views\\supplier\\register.php', 98)
 2 SYSTEMPATH\View\View.php(213): include('APPPATH\\Views\\supplier\\register.php')
 3 SYSTEMPATH\View\View.php(216): CodeIgniter\View\View->CodeIgniter\View\{closure}()
 4 SYSTEMPATH\Common.php(1134): CodeIgniter\View\View->render('supplier/register', [], true)
 5 APPPATH\Controllers\Register.php(12): view('supplier/register', [...])
 6 SYSTEMPATH\CodeIgniter.php(927): App\Controllers\Register->index()
 7 SYSTEMPATH\CodeIgniter.php(482): CodeIgniter\CodeIgniter->runController(Object(App\Controllers\Register))
 8 SYSTEMPATH\CodeIgniter.php(351): CodeIgniter\CodeIgniter->handleRequest(null, Object(Config\Cache), false)
 9 FCPATH\index.php(67): CodeIgniter\CodeIgniter->run()
10 SYSTEMPATH\Commands\Server\rewrite.php(46): require_once('FCPATH\\index.php')
CRITICAL - 2022-11-23 09:06:04 --> Undefined array key "koderegister"
in APPPATH\Views\supplier\register.php on line 98.
 1 APPPATH\Views\supplier\register.php(98): CodeIgniter\Debug\Exceptions->errorHandler(2, 'Undefined array key "koderegister"', 'APPPATH\\Views\\supplier\\register.php', 98)
 2 SYSTEMPATH\View\View.php(213): include('APPPATH\\Views\\supplier\\register.php')
 3 SYSTEMPATH\View\View.php(216): CodeIgniter\View\View->CodeIgniter\View\{closure}()
 4 SYSTEMPATH\Common.php(1134): CodeIgniter\View\View->render('supplier/register', [], true)
 5 APPPATH\Controllers\Register.php(12): view('supplier/register', [...])
 6 SYSTEMPATH\CodeIgniter.php(927): App\Controllers\Register->index()
 7 SYSTEMPATH\CodeIgniter.php(482): CodeIgniter\CodeIgniter->runController(Object(App\Controllers\Register))
 8 SYSTEMPATH\CodeIgniter.php(351): CodeIgniter\CodeIgniter->handleRequest(null, Object(Config\Cache), false)
 9 FCPATH\index.php(67): CodeIgniter\CodeIgniter->run()
10 SYSTEMPATH\Commands\Server\rewrite.php(46): require_once('FCPATH\\index.php')
CRITICAL - 2022-11-23 09:06:05 --> Undefined array key "koderegister"
in APPPATH\Views\supplier\register.php on line 98.
 1 APPPATH\Views\supplier\register.php(98): CodeIgniter\Debug\Exceptions->errorHandler(2, 'Undefined array key "koderegister"', 'APPPATH\\Views\\supplier\\register.php', 98)
 2 SYSTEMPATH\View\View.php(213): include('APPPATH\\Views\\supplier\\register.php')
 3 SYSTEMPATH\View\View.php(216): CodeIgniter\View\View->CodeIgniter\View\{closure}()
 4 SYSTEMPATH\Common.php(1134): CodeIgniter\View\View->render('supplier/register', [], true)
 5 APPPATH\Controllers\Register.php(12): view('supplier/register', [...])
 6 SYSTEMPATH\CodeIgniter.php(927): App\Controllers\Register->index()
 7 SYSTEMPATH\CodeIgniter.php(482): CodeIgniter\CodeIgniter->runController(Object(App\Controllers\Register))
 8 SYSTEMPATH\CodeIgniter.php(351): CodeIgniter\CodeIgniter->handleRequest(null, Object(Config\Cache), false)
 9 FCPATH\index.php(67): CodeIgniter\CodeIgniter->run()
10 SYSTEMPATH\Commands\Server\rewrite.php(46): require_once('FCPATH\\index.php')
CRITICAL - 2022-11-23 09:06:05 --> Undefined array key "koderegister"
in APPPATH\Views\supplier\register.php on line 98.
 1 APPPATH\Views\supplier\register.php(98): CodeIgniter\Debug\Exceptions->errorHandler(2, 'Undefined array key "koderegister"', 'APPPATH\\Views\\supplier\\register.php', 98)
 2 SYSTEMPATH\View\View.php(213): include('APPPATH\\Views\\supplier\\register.php')
 3 SYSTEMPATH\View\View.php(216): CodeIgniter\View\View->CodeIgniter\View\{closure}()
 4 SYSTEMPATH\Common.php(1134): CodeIgniter\View\View->render('supplier/register', [], true)
 5 APPPATH\Controllers\Register.php(12): view('supplier/register', [...])
 6 SYSTEMPATH\CodeIgniter.php(927): App\Controllers\Register->index()
 7 SYSTEMPATH\CodeIgniter.php(482): CodeIgniter\CodeIgniter->runController(Object(App\Controllers\Register))
 8 SYSTEMPATH\CodeIgniter.php(351): CodeIgniter\CodeIgniter->handleRequest(null, Object(Config\Cache), false)
 9 FCPATH\index.php(67): CodeIgniter\CodeIgniter->run()
10 SYSTEMPATH\Commands\Server\rewrite.php(46): require_once('FCPATH\\index.php')
CRITICAL - 2022-11-23 09:06:05 --> Undefined array key "koderegister"
in APPPATH\Views\supplier\register.php on line 98.
 1 APPPATH\Views\supplier\register.php(98): CodeIgniter\Debug\Exceptions->errorHandler(2, 'Undefined array key "koderegister"', 'APPPATH\\Views\\supplier\\register.php', 98)
 2 SYSTEMPATH\View\View.php(213): include('APPPATH\\Views\\supplier\\register.php')
 3 SYSTEMPATH\View\View.php(216): CodeIgniter\View\View->CodeIgniter\View\{closure}()
 4 SYSTEMPATH\Common.php(1134): CodeIgniter\View\View->render('supplier/register', [], true)
 5 APPPATH\Controllers\Register.php(12): view('supplier/register', [...])
 6 SYSTEMPATH\CodeIgniter.php(927): App\Controllers\Register->index()
 7 SYSTEMPATH\CodeIgniter.php(482): CodeIgniter\CodeIgniter->runController(Object(App\Controllers\Register))
 8 SYSTEMPATH\CodeIgniter.php(351): CodeIgniter\CodeIgniter->handleRequest(null, Object(Config\Cache), false)
 9 FCPATH\index.php(67): CodeIgniter\CodeIgniter->run()
10 SYSTEMPATH\Commands\Server\rewrite.php(46): require_once('FCPATH\\index.php')
CRITICAL - 2022-11-23 09:06:05 --> Undefined array key "koderegister"
in APPPATH\Views\supplier\register.php on line 98.
 1 APPPATH\Views\supplier\register.php(98): CodeIgniter\Debug\Exceptions->errorHandler(2, 'Undefined array key "koderegister"', 'APPPATH\\Views\\supplier\\register.php', 98)
 2 SYSTEMPATH\View\View.php(213): include('APPPATH\\Views\\supplier\\register.php')
 3 SYSTEMPATH\View\View.php(216): CodeIgniter\View\View->CodeIgniter\View\{closure}()
 4 SYSTEMPATH\Common.php(1134): CodeIgniter\View\View->render('supplier/register', [], true)
 5 APPPATH\Controllers\Register.php(12): view('supplier/register', [...])
 6 SYSTEMPATH\CodeIgniter.php(927): App\Controllers\Register->index()
 7 SYSTEMPATH\CodeIgniter.php(482): CodeIgniter\CodeIgniter->runController(Object(App\Controllers\Register))
 8 SYSTEMPATH\CodeIgniter.php(351): CodeIgniter\CodeIgniter->handleRequest(null, Object(Config\Cache), false)
 9 FCPATH\index.php(67): CodeIgniter\CodeIgniter->run()
10 SYSTEMPATH\Commands\Server\rewrite.php(46): require_once('FCPATH\\index.php')
CRITICAL - 2022-11-23 09:06:05 --> Undefined array key "koderegister"
in APPPATH\Views\supplier\register.php on line 98.
 1 APPPATH\Views\supplier\register.php(98): CodeIgniter\Debug\Exceptions->errorHandler(2, 'Undefined array key "koderegister"', 'APPPATH\\Views\\supplier\\register.php', 98)
 2 SYSTEMPATH\View\View.php(213): include('APPPATH\\Views\\supplier\\register.php')
 3 SYSTEMPATH\View\View.php(216): CodeIgniter\View\View->CodeIgniter\View\{closure}()
 4 SYSTEMPATH\Common.php(1134): CodeIgniter\View\View->render('supplier/register', [], true)
 5 APPPATH\Controllers\Register.php(12): view('supplier/register', [...])
 6 SYSTEMPATH\CodeIgniter.php(927): App\Controllers\Register->index()
 7 SYSTEMPATH\CodeIgniter.php(482): CodeIgniter\CodeIgniter->runController(Object(App\Controllers\Register))
 8 SYSTEMPATH\CodeIgniter.php(351): CodeIgniter\CodeIgniter->handleRequest(null, Object(Config\Cache), false)
 9 FCPATH\index.php(67): CodeIgniter\CodeIgniter->run()
10 SYSTEMPATH\Commands\Server\rewrite.php(46): require_once('FCPATH\\index.php')
ERROR - 2022-11-23 09:06:13 --> mysqli_sql_exception: You have an error in your SQL syntax; check the manual that corresponds to your MariaDB server version for the right syntax to use near '' at line 1 in C:\xampp\htdocs\atala\system\Database\MySQLi\Connection.php:292
Stack trace:
#0 C:\xampp\htdocs\atala\system\Database\MySQLi\Connection.php(292): mysqli->query('select ', 0)
#1 C:\xampp\htdocs\atala\system\Database\BaseConnection.php(666): CodeIgniter\Database\MySQLi\Connection->execute('select ')
#2 C:\xampp\htdocs\atala\system\Database\BaseConnection.php(593): CodeIgniter\Database\BaseConnection->simpleQuery('select ')
#3 C:\xampp\htdocs\atala\app\Views\supplier\register.php(155): CodeIgniter\Database\BaseConnection->query('select ')
#4 C:\xampp\htdocs\atala\system\View\View.php(213): include('C:\\xampp\\htdocs...')
#5 C:\xampp\htdocs\atala\system\View\View.php(216): CodeIgniter\View\View->CodeIgniter\View\{closure}()
#6 C:\xampp\htdocs\atala\system\Common.php(1134): CodeIgniter\View\View->render('supplier/regist...', Array, true)
#7 C:\xampp\htdocs\atala\app\Controllers\Register.php(12): view('supplier/regist...', Array)
#8 C:\xampp\htdocs\atala\system\CodeIgniter.php(927): App\Controllers\Register->index()
#9 C:\xampp\htdocs\atala\system\CodeIgniter.php(482): CodeIgniter\CodeIgniter->runController(Object(App\Controllers\Register))
#10 C:\xampp\htdocs\atala\system\CodeIgniter.php(351): CodeIgniter\CodeIgniter->handleRequest(NULL, Object(Config\Cache), false)
#11 C:\xampp\htdocs\atala\public\index.php(67): CodeIgniter\CodeIgniter->run()
#12 C:\xampp\htdocs\atala\system\Commands\Server\rewrite.php(46): require_once('C:\\xampp\\htdocs...')
#13 {main}
ERROR - 2022-11-23 09:06:43 --> mysqli_sql_exception: You have an error in your SQL syntax; check the manual that corresponds to your MariaDB server version for the right syntax to use near '' at line 1 in C:\xampp\htdocs\atala\system\Database\MySQLi\Connection.php:292
Stack trace:
#0 C:\xampp\htdocs\atala\system\Database\MySQLi\Connection.php(292): mysqli->query('select ', 0)
#1 C:\xampp\htdocs\atala\system\Database\BaseConnection.php(666): CodeIgniter\Database\MySQLi\Connection->execute('select ')
#2 C:\xampp\htdocs\atala\system\Database\BaseConnection.php(593): CodeIgniter\Database\BaseConnection->simpleQuery('select ')
#3 C:\xampp\htdocs\atala\app\Views\supplier\register.php(155): CodeIgniter\Database\BaseConnection->query('select ')
#4 C:\xampp\htdocs\atala\system\View\View.php(213): include('C:\\xampp\\htdocs...')
#5 C:\xampp\htdocs\atala\system\View\View.php(216): CodeIgniter\View\View->CodeIgniter\View\{closure}()
#6 C:\xampp\htdocs\atala\system\Common.php(1134): CodeIgniter\View\View->render('supplier/regist...', Array, true)
#7 C:\xampp\htdocs\atala\app\Controllers\Register.php(12): view('supplier/regist...', Array)
#8 C:\xampp\htdocs\atala\system\CodeIgniter.php(927): App\Controllers\Register->index()
#9 C:\xampp\htdocs\atala\system\CodeIgniter.php(482): CodeIgniter\CodeIgniter->runController(Object(App\Controllers\Register))
#10 C:\xampp\htdocs\atala\system\CodeIgniter.php(351): CodeIgniter\CodeIgniter->handleRequest(NULL, Object(Config\Cache), false)
#11 C:\xampp\htdocs\atala\public\index.php(67): CodeIgniter\CodeIgniter->run()
#12 C:\xampp\htdocs\atala\system\Commands\Server\rewrite.php(46): require_once('C:\\xampp\\htdocs...')
#13 {main}
CRITICAL - 2022-11-23 09:06:43 --> Undefined array key "koderegistrasi"
in APPPATH\Views\supplier\register.php on line 160.
 1 APPPATH\Views\supplier\register.php(160): CodeIgniter\Debug\Exceptions->errorHandler(2, 'Undefined array key "koderegistrasi"', 'APPPATH\\Views\\supplier\\register.php', 160)
 2 SYSTEMPATH\View\View.php(213): include('APPPATH\\Views\\supplier\\register.php')
 3 SYSTEMPATH\View\View.php(216): CodeIgniter\View\View->CodeIgniter\View\{closure}()
 4 SYSTEMPATH\Common.php(1134): CodeIgniter\View\View->render('supplier/register', [], true)
 5 APPPATH\Controllers\Register.php(12): view('supplier/register', [...])
 6 SYSTEMPATH\CodeIgniter.php(927): App\Controllers\Register->index()
 7 SYSTEMPATH\CodeIgniter.php(482): CodeIgniter\CodeIgniter->runController(Object(App\Controllers\Register))
 8 SYSTEMPATH\CodeIgniter.php(351): CodeIgniter\CodeIgniter->handleRequest(null, Object(Config\Cache), false)
 9 FCPATH\index.php(67): CodeIgniter\CodeIgniter->run()
10 SYSTEMPATH\Commands\Server\rewrite.php(46): require_once('FCPATH\\index.php')
