CRITICAL - 2022-11-29 20:54:28 --> Undefined array key "status"
in APPPATH\Controllers\Root.php on line 24.
 1 APPPATH\Controllers\Root.php(24): CodeIgniter\Debug\Exceptions->errorHandler(2, 'Undefined array key "status"', 'APPPATH\\Controllers\\Root.php', 24)
 2 SYSTEMPATH\CodeIgniter.php(927): App\Controllers\Root->proseslogin()
 3 SYSTEMPATH\CodeIgniter.php(482): CodeIgniter\CodeIgniter->runController(Object(App\Controllers\Root))
 4 SYSTEMPATH\CodeIgniter.php(351): CodeIgniter\CodeIgniter->handleRequest(null, Object(Config\Cache), false)
 5 FCPATH\index.php(67): CodeIgniter\CodeIgniter->run()
 6 SYSTEMPATH\Commands\Server\rewrite.php(46): require_once('FCPATH\\index.php')
CRITICAL - 2022-11-29 20:55:26 --> Undefined array key 0
in APPPATH\Controllers\Root.php on line 24.
 1 APPPATH\Controllers\Root.php(24): CodeIgniter\Debug\Exceptions->errorHandler(2, 'Undefined array key 0', 'APPPATH\\Controllers\\Root.php', 24)
 2 SYSTEMPATH\CodeIgniter.php(927): App\Controllers\Root->proseslogin()
 3 SYSTEMPATH\CodeIgniter.php(482): CodeIgniter\CodeIgniter->runController(Object(App\Controllers\Root))
 4 SYSTEMPATH\CodeIgniter.php(351): CodeIgniter\CodeIgniter->handleRequest(null, Object(Config\Cache), false)
 5 FCPATH\index.php(67): CodeIgniter\CodeIgniter->run()
 6 SYSTEMPATH\Commands\Server\rewrite.php(46): require_once('FCPATH\\index.php')
CRITICAL - 2022-11-29 21:02:26 --> Undefined array key "kategori"
in APPPATH\Views\admin\indikator.php on line 50.
 1 APPPATH\Views\admin\indikator.php(50): CodeIgniter\Debug\Exceptions->errorHandler(2, 'Undefined array key "kategori"', 'APPPATH\\Views\\admin\\indikator.php', 50)
 2 SYSTEMPATH\View\View.php(213): include('APPPATH\\Views\\admin\\indikator.php')
 3 SYSTEMPATH\View\View.php(216): CodeIgniter\View\View->CodeIgniter\View\{closure}()
 4 SYSTEMPATH\Common.php(1134): CodeIgniter\View\View->render('admin/indikator', [], true)
 5 APPPATH\Controllers\Indikator.php(12): view('admin/indikator', [...])
 6 SYSTEMPATH\CodeIgniter.php(927): App\Controllers\Indikator->index()
 7 SYSTEMPATH\CodeIgniter.php(482): CodeIgniter\CodeIgniter->runController(Object(App\Controllers\Indikator))
 8 SYSTEMPATH\CodeIgniter.php(351): CodeIgniter\CodeIgniter->handleRequest(null, Object(Config\Cache), false)
 9 FCPATH\index.php(67): CodeIgniter\CodeIgniter->run()
10 SYSTEMPATH\Commands\Server\rewrite.php(46): require_once('FCPATH\\index.php')
CRITICAL - 2022-11-29 21:06:13 --> Undefined array key "status"
in APPPATH\Views\admin\skema.php on line 69.
 1 APPPATH\Views\admin\skema.php(69): CodeIgniter\Debug\Exceptions->errorHandler(2, 'Undefined array key "status"', 'APPPATH\\Views\\admin\\skema.php', 69)
 2 SYSTEMPATH\View\View.php(213): include('APPPATH\\Views\\admin\\skema.php')
 3 SYSTEMPATH\View\View.php(216): CodeIgniter\View\View->CodeIgniter\View\{closure}()
 4 SYSTEMPATH\Common.php(1134): CodeIgniter\View\View->render('admin/skema', [], true)
 5 APPPATH\Controllers\Proyek.php(66): view('admin/skema', [...])
 6 SYSTEMPATH\CodeIgniter.php(927): App\Controllers\Proyek->tampilskemaproyek()
 7 SYSTEMPATH\CodeIgniter.php(482): CodeIgniter\CodeIgniter->runController(Object(App\Controllers\Proyek))
 8 SYSTEMPATH\CodeIgniter.php(351): CodeIgniter\CodeIgniter->handleRequest(null, Object(Config\Cache), false)
 9 FCPATH\index.php(67): CodeIgniter\CodeIgniter->run()
10 SYSTEMPATH\Commands\Server\rewrite.php(46): require_once('FCPATH\\index.php')
CRITICAL - 2022-11-29 21:08:09 --> Trying to access array offset on value of type null
in APPPATH\Views\admin\skema.php on line 3.
 1 APPPATH\Views\admin\skema.php(3): CodeIgniter\Debug\Exceptions->errorHandler(2, 'Trying to access array offset on value of type null', 'APPPATH\\Views\\admin\\skema.php', 3)
 2 SYSTEMPATH\View\View.php(213): include('APPPATH\\Views\\admin\\skema.php')
 3 SYSTEMPATH\View\View.php(216): CodeIgniter\View\View->CodeIgniter\View\{closure}()
 4 SYSTEMPATH\Common.php(1134): CodeIgniter\View\View->render('admin/skema', [], true)
 5 APPPATH\Controllers\Proyek.php(58): view('admin/skema', [...])
 6 SYSTEMPATH\CodeIgniter.php(927): App\Controllers\Proyek->tampilskema()
 7 SYSTEMPATH\CodeIgniter.php(482): CodeIgniter\CodeIgniter->runController(Object(App\Controllers\Proyek))
 8 SYSTEMPATH\CodeIgniter.php(351): CodeIgniter\CodeIgniter->handleRequest(null, Object(Config\Cache), false)
 9 FCPATH\index.php(67): CodeIgniter\CodeIgniter->run()
10 SYSTEMPATH\Commands\Server\rewrite.php(46): require_once('FCPATH\\index.php')
CRITICAL - 2022-11-29 21:08:47 --> Invalid file: login.php
in SYSTEMPATH\Exceptions\FrameworkException.php on line 33.
 1 SYSTEMPATH\View\View.php(201): CodeIgniter\Exceptions\FrameworkException::forInvalidFile('login.php')
 2 SYSTEMPATH\Common.php(1134): CodeIgniter\View\View->render('login', [], true)
 3 APPPATH\Controllers\Proses.php(13): view('login')
 4 SYSTEMPATH\CodeIgniter.php(927): App\Controllers\Proses->index()
 5 SYSTEMPATH\CodeIgniter.php(482): CodeIgniter\CodeIgniter->runController(Object(App\Controllers\Proses))
 6 SYSTEMPATH\CodeIgniter.php(351): CodeIgniter\CodeIgniter->handleRequest(null, Object(Config\Cache), false)
 7 FCPATH\index.php(67): CodeIgniter\CodeIgniter->run()
 8 SYSTEMPATH\Commands\Server\rewrite.php(46): require_once('FCPATH\\index.php')
CRITICAL - 2022-11-29 21:14:49 --> Undefined variable $dbn
in APPPATH\Controllers\Register.php on line 33.
 1 APPPATH\Controllers\Register.php(33): CodeIgniter\Debug\Exceptions->errorHandler(2, 'Undefined variable $dbn', 'APPPATH\\Controllers\\Register.php', 33)
 2 SYSTEMPATH\CodeIgniter.php(927): App\Controllers\Register->hapusdata('1')
 3 SYSTEMPATH\CodeIgniter.php(482): CodeIgniter\CodeIgniter->runController(Object(App\Controllers\Register))
 4 SYSTEMPATH\CodeIgniter.php(351): CodeIgniter\CodeIgniter->handleRequest(null, Object(Config\Cache), false)
 5 FCPATH\index.php(67): CodeIgniter\CodeIgniter->run()
 6 SYSTEMPATH\Commands\Server\rewrite.php(46): require_once('FCPATH\\index.php')
CRITICAL - 2022-11-29 21:24:13 --> Trying to access array offset on value of type null
in APPPATH\Views\admin\bagiannavigasi.php on line 11.
 1 APPPATH\Views\admin\bagiannavigasi.php(11): CodeIgniter\Debug\Exceptions->errorHandler(2, 'Trying to access array offset on value of type null', 'APPPATH\\Views\\admin\\bagiannavigasi.php', 11)
 2 SYSTEMPATH\View\View.php(213): include('APPPATH\\Views\\admin\\bagiannavigasi.php')
 3 SYSTEMPATH\View\View.php(216): CodeIgniter\View\View->CodeIgniter\View\{closure}()
 4 SYSTEMPATH\Common.php(1134): CodeIgniter\View\View->render('admin/bagiannavigasi', [], true)
 5 APPPATH\Views\supplier\penilaian.php(9): view('admin/bagiannavigasi')
 6 SYSTEMPATH\View\View.php(213): include('APPPATH\\Views\\supplier\\penilaian.php')
 7 SYSTEMPATH\View\View.php(216): CodeIgniter\View\View->CodeIgniter\View\{closure}()
 8 SYSTEMPATH\Common.php(1134): CodeIgniter\View\View->render('supplier/penilaian', [], true)
 9 APPPATH\Controllers\Penilaian.php(12): view('supplier/penilaian', [...])
10 SYSTEMPATH\CodeIgniter.php(927): App\Controllers\Penilaian->index()
11 SYSTEMPATH\CodeIgniter.php(482): CodeIgniter\CodeIgniter->runController(Object(App\Controllers\Penilaian))
12 SYSTEMPATH\CodeIgniter.php(351): CodeIgniter\CodeIgniter->handleRequest(null, Object(Config\Cache), false)
13 FCPATH\index.php(67): CodeIgniter\CodeIgniter->run()
14 SYSTEMPATH\Commands\Server\rewrite.php(46): require_once('FCPATH\\index.php')
CRITICAL - 2022-11-29 21:24:28 --> Undefined variable $proyek
in APPPATH\Views\supplier\penilaian.php on line 34.
 1 APPPATH\Views\supplier\penilaian.php(34): CodeIgniter\Debug\Exceptions->errorHandler(2, 'Undefined variable $proyek', 'APPPATH\\Views\\supplier\\penilaian.php', 34)
 2 SYSTEMPATH\View\View.php(213): include('APPPATH\\Views\\supplier\\penilaian.php')
 3 SYSTEMPATH\View\View.php(216): CodeIgniter\View\View->CodeIgniter\View\{closure}()
 4 SYSTEMPATH\Common.php(1134): CodeIgniter\View\View->render('supplier/penilaian', [], true)
 5 APPPATH\Controllers\Penilaian.php(12): view('supplier/penilaian', [...])
 6 SYSTEMPATH\CodeIgniter.php(927): App\Controllers\Penilaian->index()
 7 SYSTEMPATH\CodeIgniter.php(482): CodeIgniter\CodeIgniter->runController(Object(App\Controllers\Penilaian))
 8 SYSTEMPATH\CodeIgniter.php(351): CodeIgniter\CodeIgniter->handleRequest(null, Object(Config\Cache), false)
 9 FCPATH\index.php(67): CodeIgniter\CodeIgniter->run()
10 SYSTEMPATH\Commands\Server\rewrite.php(46): require_once('FCPATH\\index.php')
ERROR - 2022-11-29 21:27:43 --> mysqli_sql_exception: Unknown column 'register.kodesupplier' in 'where clause' in C:\xampp\htdocs\atala\system\Database\MySQLi\Connection.php:292
Stack trace:
#0 C:\xampp\htdocs\atala\system\Database\MySQLi\Connection.php(292): mysqli->query('select register...', 0)
#1 C:\xampp\htdocs\atala\system\Database\BaseConnection.php(666): CodeIgniter\Database\MySQLi\Connection->execute('select register...')
#2 C:\xampp\htdocs\atala\system\Database\BaseConnection.php(593): CodeIgniter\Database\BaseConnection->simpleQuery('select register...')
#3 C:\xampp\htdocs\atala\app\Controllers\Penilaian.php(11): CodeIgniter\Database\BaseConnection->query('select register...')
#4 C:\xampp\htdocs\atala\system\CodeIgniter.php(927): App\Controllers\Penilaian->index()
#5 C:\xampp\htdocs\atala\system\CodeIgniter.php(482): CodeIgniter\CodeIgniter->runController(Object(App\Controllers\Penilaian))
#6 C:\xampp\htdocs\atala\system\CodeIgniter.php(351): CodeIgniter\CodeIgniter->handleRequest(NULL, Object(Config\Cache), false)
#7 C:\xampp\htdocs\atala\public\index.php(67): CodeIgniter\CodeIgniter->run()
#8 C:\xampp\htdocs\atala\system\Commands\Server\rewrite.php(46): require_once('C:\\xampp\\htdocs...')
#9 {main}
CRITICAL - 2022-11-29 21:27:43 --> Call to a member function getResultArray() on bool
in APPPATH\Controllers\Penilaian.php on line 11.
 1 SYSTEMPATH\CodeIgniter.php(927): App\Controllers\Penilaian->index()
 2 SYSTEMPATH\CodeIgniter.php(482): CodeIgniter\CodeIgniter->runController(Object(App\Controllers\Penilaian))
 3 SYSTEMPATH\CodeIgniter.php(351): CodeIgniter\CodeIgniter->handleRequest(null, Object(Config\Cache), false)
 4 FCPATH\index.php(67): CodeIgniter\CodeIgniter->run()
 5 SYSTEMPATH\Commands\Server\rewrite.php(46): require_once('FCPATH\\index.php')
CRITICAL - 2022-11-29 21:37:45 --> Undefined variable $db
in APPPATH\Views\supplier\penilaian.php on line 76.
 1 APPPATH\Views\supplier\penilaian.php(76): CodeIgniter\Debug\Exceptions->errorHandler(2, 'Undefined variable $db', 'APPPATH\\Views\\supplier\\penilaian.php', 76)
 2 SYSTEMPATH\View\View.php(213): include('APPPATH\\Views\\supplier\\penilaian.php')
 3 SYSTEMPATH\View\View.php(216): CodeIgniter\View\View->CodeIgniter\View\{closure}()
 4 SYSTEMPATH\Common.php(1134): CodeIgniter\View\View->render('supplier/penilaian', [], true)
 5 APPPATH\Controllers\Penilaian.php(12): view('supplier/penilaian', [...])
 6 SYSTEMPATH\CodeIgniter.php(927): App\Controllers\Penilaian->index()
 7 SYSTEMPATH\CodeIgniter.php(482): CodeIgniter\CodeIgniter->runController(Object(App\Controllers\Penilaian))
 8 SYSTEMPATH\CodeIgniter.php(351): CodeIgniter\CodeIgniter->handleRequest(null, Object(Config\Cache), false)
 9 FCPATH\index.php(67): CodeIgniter\CodeIgniter->run()
10 SYSTEMPATH\Commands\Server\rewrite.php(46): require_once('FCPATH\\index.php')
CRITICAL - 2022-11-29 21:51:54 --> Call to undefined method App\Controllers\Penilaian::request()
in APPPATH\Controllers\Penilaian.php on line 21.
 1 SYSTEMPATH\CodeIgniter.php(927): App\Controllers\Penilaian->simpandata()
 2 SYSTEMPATH\CodeIgniter.php(482): CodeIgniter\CodeIgniter->runController(Object(App\Controllers\Penilaian))
 3 SYSTEMPATH\CodeIgniter.php(351): CodeIgniter\CodeIgniter->handleRequest(null, Object(Config\Cache), false)
 4 FCPATH\index.php(67): CodeIgniter\CodeIgniter->run()
 5 SYSTEMPATH\Commands\Server\rewrite.php(46): require_once('FCPATH\\index.php')
CRITICAL - 2022-11-29 21:52:02 --> Call to undefined method App\Controllers\Penilaian::request()
in APPPATH\Controllers\Penilaian.php on line 21.
 1 SYSTEMPATH\CodeIgniter.php(927): App\Controllers\Penilaian->simpandata()
 2 SYSTEMPATH\CodeIgniter.php(482): CodeIgniter\CodeIgniter->runController(Object(App\Controllers\Penilaian))
 3 SYSTEMPATH\CodeIgniter.php(351): CodeIgniter\CodeIgniter->handleRequest(null, Object(Config\Cache), false)
 4 FCPATH\index.php(67): CodeIgniter\CodeIgniter->run()
 5 SYSTEMPATH\Commands\Server\rewrite.php(46): require_once('FCPATH\\index.php')
CRITICAL - 2022-11-29 21:52:27 --> Call to undefined method App\Controllers\Penilaian::request()
in APPPATH\Controllers\Penilaian.php on line 21.
 1 SYSTEMPATH\CodeIgniter.php(927): App\Controllers\Penilaian->simpandata()
 2 SYSTEMPATH\CodeIgniter.php(482): CodeIgniter\CodeIgniter->runController(Object(App\Controllers\Penilaian))
 3 SYSTEMPATH\CodeIgniter.php(351): CodeIgniter\CodeIgniter->handleRequest(null, Object(Config\Cache), false)
 4 FCPATH\index.php(67): CodeIgniter\CodeIgniter->run()
 5 SYSTEMPATH\Commands\Server\rewrite.php(46): require_once('FCPATH\\index.php')
ERROR - 2022-11-29 21:52:59 --> mysqli_sql_exception: You have an error in your SQL syntax; check the manual that corresponds to your MariaDB server version for the right syntax to use near '.kodekriteria where skema.kodeproyek = 'P16115522'' at line 1 in C:\xampp\htdocs\atala\system\Database\MySQLi\Connection.php:292
Stack trace:
#0 C:\xampp\htdocs\atala\system\Database\MySQLi\Connection.php(292): mysqli->query('select kriteria...', 0)
#1 C:\xampp\htdocs\atala\system\Database\BaseConnection.php(666): CodeIgniter\Database\MySQLi\Connection->execute('select kriteria...')
#2 C:\xampp\htdocs\atala\system\Database\BaseConnection.php(593): CodeIgniter\Database\BaseConnection->simpleQuery('select kriteria...')
#3 C:\xampp\htdocs\atala\app\Controllers\Penilaian.php(22): CodeIgniter\Database\BaseConnection->query('select kriteria...')
#4 C:\xampp\htdocs\atala\system\CodeIgniter.php(927): App\Controllers\Penilaian->simpandata()
#5 C:\xampp\htdocs\atala\system\CodeIgniter.php(482): CodeIgniter\CodeIgniter->runController(Object(App\Controllers\Penilaian))
#6 C:\xampp\htdocs\atala\system\CodeIgniter.php(351): CodeIgniter\CodeIgniter->handleRequest(NULL, Object(Config\Cache), false)
#7 C:\xampp\htdocs\atala\public\index.php(67): CodeIgniter\CodeIgniter->run()
#8 C:\xampp\htdocs\atala\system\Commands\Server\rewrite.php(46): require_once('C:\\xampp\\htdocs...')
#9 {main}
CRITICAL - 2022-11-29 21:52:59 --> Call to a member function getResultArray() on bool
in APPPATH\Controllers\Penilaian.php on line 22.
 1 SYSTEMPATH\CodeIgniter.php(927): App\Controllers\Penilaian->simpandata()
 2 SYSTEMPATH\CodeIgniter.php(482): CodeIgniter\CodeIgniter->runController(Object(App\Controllers\Penilaian))
 3 SYSTEMPATH\CodeIgniter.php(351): CodeIgniter\CodeIgniter->handleRequest(null, Object(Config\Cache), false)
 4 FCPATH\index.php(67): CodeIgniter\CodeIgniter->run()
 5 SYSTEMPATH\Commands\Server\rewrite.php(46): require_once('FCPATH\\index.php')
ERROR - 2022-11-29 21:53:32 --> mysqli_sql_exception: You have an error in your SQL syntax; check the manual that corresponds to your MariaDB server version for the right syntax to use near '.kodekriteria where skema.kodeproyek = 'P16115522'' at line 1 in C:\xampp\htdocs\atala\system\Database\MySQLi\Connection.php:292
Stack trace:
#0 C:\xampp\htdocs\atala\system\Database\MySQLi\Connection.php(292): mysqli->query('select kriteria...', 0)
#1 C:\xampp\htdocs\atala\system\Database\BaseConnection.php(666): CodeIgniter\Database\MySQLi\Connection->execute('select kriteria...')
#2 C:\xampp\htdocs\atala\system\Database\BaseConnection.php(593): CodeIgniter\Database\BaseConnection->simpleQuery('select kriteria...')
#3 C:\xampp\htdocs\atala\app\Controllers\Penilaian.php(22): CodeIgniter\Database\BaseConnection->query('select kriteria...')
#4 C:\xampp\htdocs\atala\system\CodeIgniter.php(927): App\Controllers\Penilaian->simpandata()
#5 C:\xampp\htdocs\atala\system\CodeIgniter.php(482): CodeIgniter\CodeIgniter->runController(Object(App\Controllers\Penilaian))
#6 C:\xampp\htdocs\atala\system\CodeIgniter.php(351): CodeIgniter\CodeIgniter->handleRequest(NULL, Object(Config\Cache), false)
#7 C:\xampp\htdocs\atala\public\index.php(67): CodeIgniter\CodeIgniter->run()
#8 C:\xampp\htdocs\atala\system\Commands\Server\rewrite.php(46): require_once('C:\\xampp\\htdocs...')
#9 {main}
CRITICAL - 2022-11-29 21:53:32 --> Call to a member function getResultArray() on bool
in APPPATH\Controllers\Penilaian.php on line 22.
 1 SYSTEMPATH\CodeIgniter.php(927): App\Controllers\Penilaian->simpandata()
 2 SYSTEMPATH\CodeIgniter.php(482): CodeIgniter\CodeIgniter->runController(Object(App\Controllers\Penilaian))
 3 SYSTEMPATH\CodeIgniter.php(351): CodeIgniter\CodeIgniter->handleRequest(null, Object(Config\Cache), false)
 4 FCPATH\index.php(67): CodeIgniter\CodeIgniter->run()
 5 SYSTEMPATH\Commands\Server\rewrite.php(46): require_once('FCPATH\\index.php')
ERROR - 2022-11-29 21:55:54 --> mysqli_sql_exception: You have an error in your SQL syntax; check the manual that corresponds to your MariaDB server version for the right syntax to use near '.kodekriteria where skema.kodeproyek = 'P16115522'' at line 1 in C:\xampp\htdocs\atala\system\Database\MySQLi\Connection.php:292
Stack trace:
#0 C:\xampp\htdocs\atala\system\Database\MySQLi\Connection.php(292): mysqli->query('select kriteria...', 0)
#1 C:\xampp\htdocs\atala\system\Database\BaseConnection.php(666): CodeIgniter\Database\MySQLi\Connection->execute('select kriteria...')
#2 C:\xampp\htdocs\atala\system\Database\BaseConnection.php(593): CodeIgniter\Database\BaseConnection->simpleQuery('select kriteria...')
#3 C:\xampp\htdocs\atala\app\Controllers\Penilaian.php(22): CodeIgniter\Database\BaseConnection->query('select kriteria...')
#4 C:\xampp\htdocs\atala\system\CodeIgniter.php(927): App\Controllers\Penilaian->simpandata()
#5 C:\xampp\htdocs\atala\system\CodeIgniter.php(482): CodeIgniter\CodeIgniter->runController(Object(App\Controllers\Penilaian))
#6 C:\xampp\htdocs\atala\system\CodeIgniter.php(351): CodeIgniter\CodeIgniter->handleRequest(NULL, Object(Config\Cache), false)
#7 C:\xampp\htdocs\atala\public\index.php(67): CodeIgniter\CodeIgniter->run()
#8 C:\xampp\htdocs\atala\system\Commands\Server\rewrite.php(46): require_once('C:\\xampp\\htdocs...')
#9 {main}
CRITICAL - 2022-11-29 21:55:54 --> Call to a member function getResultArray() on bool
in APPPATH\Controllers\Penilaian.php on line 22.
 1 SYSTEMPATH\CodeIgniter.php(927): App\Controllers\Penilaian->simpandata()
 2 SYSTEMPATH\CodeIgniter.php(482): CodeIgniter\CodeIgniter->runController(Object(App\Controllers\Penilaian))
 3 SYSTEMPATH\CodeIgniter.php(351): CodeIgniter\CodeIgniter->handleRequest(null, Object(Config\Cache), false)
 4 FCPATH\index.php(67): CodeIgniter\CodeIgniter->run()
 5 SYSTEMPATH\Commands\Server\rewrite.php(46): require_once('FCPATH\\index.php')
ERROR - 2022-11-29 21:56:43 --> mysqli_sql_exception: Not unique table/alias: 'skema' in C:\xampp\htdocs\atala\system\Database\MySQLi\Connection.php:292
Stack trace:
#0 C:\xampp\htdocs\atala\system\Database\MySQLi\Connection.php(292): mysqli->query('select kriteria...', 0)
#1 C:\xampp\htdocs\atala\system\Database\BaseConnection.php(666): CodeIgniter\Database\MySQLi\Connection->execute('select kriteria...')
#2 C:\xampp\htdocs\atala\system\Database\BaseConnection.php(593): CodeIgniter\Database\BaseConnection->simpleQuery('select kriteria...')
#3 C:\xampp\htdocs\atala\app\Controllers\Penilaian.php(22): CodeIgniter\Database\BaseConnection->query('select kriteria...')
#4 C:\xampp\htdocs\atala\system\CodeIgniter.php(927): App\Controllers\Penilaian->simpandata()
#5 C:\xampp\htdocs\atala\system\CodeIgniter.php(482): CodeIgniter\CodeIgniter->runController(Object(App\Controllers\Penilaian))
#6 C:\xampp\htdocs\atala\system\CodeIgniter.php(351): CodeIgniter\CodeIgniter->handleRequest(NULL, Object(Config\Cache), false)
#7 C:\xampp\htdocs\atala\public\index.php(67): CodeIgniter\CodeIgniter->run()
#8 C:\xampp\htdocs\atala\system\Commands\Server\rewrite.php(46): require_once('C:\\xampp\\htdocs...')
#9 {main}
CRITICAL - 2022-11-29 21:56:43 --> Call to a member function getResultArray() on bool
in APPPATH\Controllers\Penilaian.php on line 22.
 1 SYSTEMPATH\CodeIgniter.php(927): App\Controllers\Penilaian->simpandata()
 2 SYSTEMPATH\CodeIgniter.php(482): CodeIgniter\CodeIgniter->runController(Object(App\Controllers\Penilaian))
 3 SYSTEMPATH\CodeIgniter.php(351): CodeIgniter\CodeIgniter->handleRequest(null, Object(Config\Cache), false)
 4 FCPATH\index.php(67): CodeIgniter\CodeIgniter->run()
 5 SYSTEMPATH\Commands\Server\rewrite.php(46): require_once('FCPATH\\index.php')
CRITICAL - 2022-11-29 21:56:54 --> Too few arguments to function App\Models\Databasemodel::pilih(), 1 passed in C:\xampp\htdocs\atala\app\Controllers\Penilaian.php on line 26 and exactly 2 expected
in APPPATH\Models\Databasemodel.php on line 9.
 1 APPPATH\Controllers\Penilaian.php(26): App\Models\Databasemodel->pilih('select kodeindikator from indikator where nilai = \'2\' and kodekriteria = \'KRPRY0001\'')
 2 SYSTEMPATH\CodeIgniter.php(927): App\Controllers\Penilaian->simpandata()
 3 SYSTEMPATH\CodeIgniter.php(482): CodeIgniter\CodeIgniter->runController(Object(App\Controllers\Penilaian))
 4 SYSTEMPATH\CodeIgniter.php(351): CodeIgniter\CodeIgniter->handleRequest(null, Object(Config\Cache), false)
 5 FCPATH\index.php(67): CodeIgniter\CodeIgniter->run()
 6 SYSTEMPATH\Commands\Server\rewrite.php(46): require_once('FCPATH\\index.php')
CRITICAL - 2022-11-29 08:58:07 --> syntax error, unexpected token ";", expecting ")"
in APPPATH\Controllers\Penilaian.php on line 26.
 1 SYSTEMPATH\Autoloader\Autoloader.php(259): CodeIgniter\Autoloader\Autoloader->includeFile('APPPATH\\Controllers\\Penilaian.php')
 2 SYSTEMPATH\Autoloader\Autoloader.php(237): CodeIgniter\Autoloader\Autoloader->loadInNamespace('App\\Controllers\\Penilaian')
 3 [internal function]: CodeIgniter\Autoloader\Autoloader->loadClass('App\\Controllers\\Penilaian')
 4 SYSTEMPATH\CodeIgniter.php(877): class_exists('\\App\\Controllers\\Penilaian', true)
 5 SYSTEMPATH\CodeIgniter.php(469): CodeIgniter\CodeIgniter->startController()
 6 SYSTEMPATH\CodeIgniter.php(351): CodeIgniter\CodeIgniter->handleRequest(null, Object(Config\Cache), false)
 7 FCPATH\index.php(67): CodeIgniter\CodeIgniter->run()
 8 SYSTEMPATH\Commands\Server\rewrite.php(46): require_once('FCPATH\\index.php')
CRITICAL - 2022-11-29 21:58:53 --> Undefined array key "kodeindikator"
in APPPATH\Controllers\Penilaian.php on line 26.
 1 APPPATH\Controllers\Penilaian.php(26): CodeIgniter\Debug\Exceptions->errorHandler(2, 'Undefined array key "kodeindikator"', 'APPPATH\\Controllers\\Penilaian.php', 26)
 2 SYSTEMPATH\CodeIgniter.php(927): App\Controllers\Penilaian->simpandata()
 3 SYSTEMPATH\CodeIgniter.php(482): CodeIgniter\CodeIgniter->runController(Object(App\Controllers\Penilaian))
 4 SYSTEMPATH\CodeIgniter.php(351): CodeIgniter\CodeIgniter->handleRequest(null, Object(Config\Cache), false)
 5 FCPATH\index.php(67): CodeIgniter\CodeIgniter->run()
 6 SYSTEMPATH\Commands\Server\rewrite.php(46): require_once('FCPATH\\index.php')
CRITICAL - 2022-11-29 23:55:12 --> The namespace delimiter is a backslash (\), not a slash (/). Route handler: \App\Controllers\Laporan:cetakdata/$1
in SYSTEMPATH\Router\Router.php on line 466.
 1 SYSTEMPATH\Router\Router.php(466): CodeIgniter\Router\Exceptions\RouterException::forInvalidControllerName('\\App\\Controllers\\Laporan:cetakdata/$1')
 2 SYSTEMPATH\Router\Router.php(181): CodeIgniter\Router\Router->checkRoutes('laporan/cetak/P16115522')
 3 SYSTEMPATH\CodeIgniter.php(802): CodeIgniter\Router\Router->handle('laporan/cetak/P16115522')
 4 SYSTEMPATH\CodeIgniter.php(430): CodeIgniter\CodeIgniter->tryToRouteIt(Object(CodeIgniter\Router\RouteCollection))
 5 SYSTEMPATH\CodeIgniter.php(351): CodeIgniter\CodeIgniter->handleRequest(null, Object(Config\Cache), false)
 6 FCPATH\index.php(67): CodeIgniter\CodeIgniter->run()
 7 SYSTEMPATH\Commands\Server\rewrite.php(46): require_once('FCPATH\\index.php')
CRITICAL - 2022-11-29 23:55:30 --> syntax error, unexpected token "use", expecting "{"
in APPPATH\Controllers\Laporan.php on line 4.
 1 SYSTEMPATH\Autoloader\Autoloader.php(259): CodeIgniter\Autoloader\Autoloader->includeFile('APPPATH\\Controllers\\Laporan.php')
 2 SYSTEMPATH\Autoloader\Autoloader.php(237): CodeIgniter\Autoloader\Autoloader->loadInNamespace('App\\Controllers\\Laporan')
 3 [internal function]: CodeIgniter\Autoloader\Autoloader->loadClass('App\\Controllers\\Laporan')
 4 SYSTEMPATH\CodeIgniter.php(877): class_exists('\\App\\Controllers\\Laporan', true)
 5 SYSTEMPATH\CodeIgniter.php(469): CodeIgniter\CodeIgniter->startController()
 6 SYSTEMPATH\CodeIgniter.php(351): CodeIgniter\CodeIgniter->handleRequest(null, Object(Config\Cache), false)
 7 FCPATH\index.php(67): CodeIgniter\CodeIgniter->run()
 8 SYSTEMPATH\Commands\Server\rewrite.php(46): require_once('FCPATH\\index.php')
CRITICAL - 2022-11-29 23:55:39 --> Class "App\ThirdParty\BaseController" not found
in APPPATH\Controllers\Laporan.php on line 7.
 1 SYSTEMPATH\Autoloader\Autoloader.php(282): include_once()
 2 SYSTEMPATH\Autoloader\Autoloader.php(259): CodeIgniter\Autoloader\Autoloader->includeFile('APPPATH\\Controllers\\Laporan.php')
 3 SYSTEMPATH\Autoloader\Autoloader.php(237): CodeIgniter\Autoloader\Autoloader->loadInNamespace('App\\Controllers\\Laporan')
 4 [internal function]: CodeIgniter\Autoloader\Autoloader->loadClass('App\\Controllers\\Laporan')
 5 SYSTEMPATH\CodeIgniter.php(877): class_exists('\\App\\Controllers\\Laporan', true)
 6 SYSTEMPATH\CodeIgniter.php(469): CodeIgniter\CodeIgniter->startController()
 7 SYSTEMPATH\CodeIgniter.php(351): CodeIgniter\CodeIgniter->handleRequest(null, Object(Config\Cache), false)
 8 FCPATH\index.php(67): CodeIgniter\CodeIgniter->run()
 9 SYSTEMPATH\Commands\Server\rewrite.php(46): require_once('FCPATH\\index.php')
CRITICAL - 2022-11-29 23:59:05 --> syntax error, unexpected token "public", expecting end of file
in APPPATH\Controllers\Cetak.php on line 6.
 1 SYSTEMPATH\Autoloader\Autoloader.php(259): CodeIgniter\Autoloader\Autoloader->includeFile('APPPATH\\Controllers\\Cetak.php')
 2 SYSTEMPATH\Autoloader\Autoloader.php(237): CodeIgniter\Autoloader\Autoloader->loadInNamespace('App\\Controllers\\Cetak')
 3 [internal function]: CodeIgniter\Autoloader\Autoloader->loadClass('App\\Controllers\\Cetak')
 4 SYSTEMPATH\CodeIgniter.php(877): class_exists('\\App\\Controllers\\Cetak', true)
 5 SYSTEMPATH\CodeIgniter.php(469): CodeIgniter\CodeIgniter->startController()
 6 SYSTEMPATH\CodeIgniter.php(351): CodeIgniter\CodeIgniter->handleRequest(null, Object(Config\Cache), false)
 7 FCPATH\index.php(67): CodeIgniter\CodeIgniter->run()
 8 SYSTEMPATH\Commands\Server\rewrite.php(46): require_once('FCPATH\\index.php')
