CRITICAL - 2023-01-16 09:02:21 --> Trying to access array offset on value of type null
in APPPATH\Views\supplier\penilaian.php on line 122.
 1 APPPATH\Views\supplier\penilaian.php(122): CodeIgniter\Debug\Exceptions->errorHandler(2, 'Trying to access array offset on value of type null', 'APPPATH\\Views\\supplier\\penilaian.php', 122)
 2 SYSTEMPATH\View\View.php(213): include('APPPATH\\Views\\supplier\\penilaian.php')
 3 SYSTEMPATH\View\View.php(216): CodeIgniter\View\View->CodeIgniter\View\{closure}()
 4 SYSTEMPATH\Common.php(1134): CodeIgniter\View\View->render('supplier/penilaian', [], true)
 5 APPPATH\Controllers\Penilaian.php(12): view('supplier/penilaian', [...])
 6 SYSTEMPATH\CodeIgniter.php(927): App\Controllers\Penilaian->index()
 7 SYSTEMPATH\CodeIgniter.php(482): CodeIgniter\CodeIgniter->runController(Object(App\Controllers\Penilaian))
 8 SYSTEMPATH\CodeIgniter.php(351): CodeIgniter\CodeIgniter->handleRequest(null, Object(Config\Cache), false)
 9 FCPATH\index.php(67): CodeIgniter\CodeIgniter->run()
10 SYSTEMPATH\Commands\Server\rewrite.php(46): require_once('FCPATH\\index.php')
CRITICAL - 2023-01-16 09:02:29 --> Trying to access array offset on value of type null
in APPPATH\Views\supplier\penilaian.php on line 122.
 1 APPPATH\Views\supplier\penilaian.php(122): CodeIgniter\Debug\Exceptions->errorHandler(2, 'Trying to access array offset on value of type null', 'APPPATH\\Views\\supplier\\penilaian.php', 122)
 2 SYSTEMPATH\View\View.php(213): include('APPPATH\\Views\\supplier\\penilaian.php')
 3 SYSTEMPATH\View\View.php(216): CodeIgniter\View\View->CodeIgniter\View\{closure}()
 4 SYSTEMPATH\Common.php(1134): CodeIgniter\View\View->render('supplier/penilaian', [], true)
 5 APPPATH\Controllers\Penilaian.php(12): view('supplier/penilaian', [...])
 6 SYSTEMPATH\CodeIgniter.php(927): App\Controllers\Penilaian->index()
 7 SYSTEMPATH\CodeIgniter.php(482): CodeIgniter\CodeIgniter->runController(Object(App\Controllers\Penilaian))
 8 SYSTEMPATH\CodeIgniter.php(351): CodeIgniter\CodeIgniter->handleRequest(null, Object(Config\Cache), false)
 9 FCPATH\index.php(67): CodeIgniter\CodeIgniter->run()
10 SYSTEMPATH\Commands\Server\rewrite.php(46): require_once('FCPATH\\index.php')
CRITICAL - 2023-01-16 09:02:33 --> Trying to access array offset on value of type null
in APPPATH\Views\supplier\penilaian.php on line 122.
 1 APPPATH\Views\supplier\penilaian.php(122): CodeIgniter\Debug\Exceptions->errorHandler(2, 'Trying to access array offset on value of type null', 'APPPATH\\Views\\supplier\\penilaian.php', 122)
 2 SYSTEMPATH\View\View.php(213): include('APPPATH\\Views\\supplier\\penilaian.php')
 3 SYSTEMPATH\View\View.php(216): CodeIgniter\View\View->CodeIgniter\View\{closure}()
 4 SYSTEMPATH\Common.php(1134): CodeIgniter\View\View->render('supplier/penilaian', [], true)
 5 APPPATH\Controllers\Penilaian.php(12): view('supplier/penilaian', [...])
 6 SYSTEMPATH\CodeIgniter.php(927): App\Controllers\Penilaian->index()
 7 SYSTEMPATH\CodeIgniter.php(482): CodeIgniter\CodeIgniter->runController(Object(App\Controllers\Penilaian))
 8 SYSTEMPATH\CodeIgniter.php(351): CodeIgniter\CodeIgniter->handleRequest(null, Object(Config\Cache), false)
 9 FCPATH\index.php(67): CodeIgniter\CodeIgniter->run()
10 SYSTEMPATH\Commands\Server\rewrite.php(46): require_once('FCPATH\\index.php')
CRITICAL - 2023-01-16 09:03:28 --> Trying to access array offset on value of type null
in APPPATH\Views\supplier\penilaian.php on line 122.
 1 APPPATH\Views\supplier\penilaian.php(122): CodeIgniter\Debug\Exceptions->errorHandler(2, 'Trying to access array offset on value of type null', 'APPPATH\\Views\\supplier\\penilaian.php', 122)
 2 SYSTEMPATH\View\View.php(213): include('APPPATH\\Views\\supplier\\penilaian.php')
 3 SYSTEMPATH\View\View.php(216): CodeIgniter\View\View->CodeIgniter\View\{closure}()
 4 SYSTEMPATH\Common.php(1134): CodeIgniter\View\View->render('supplier/penilaian', [], true)
 5 APPPATH\Controllers\Penilaian.php(12): view('supplier/penilaian', [...])
 6 SYSTEMPATH\CodeIgniter.php(927): App\Controllers\Penilaian->index()
 7 SYSTEMPATH\CodeIgniter.php(482): CodeIgniter\CodeIgniter->runController(Object(App\Controllers\Penilaian))
 8 SYSTEMPATH\CodeIgniter.php(351): CodeIgniter\CodeIgniter->handleRequest(null, Object(Config\Cache), false)
 9 FCPATH\index.php(67): CodeIgniter\CodeIgniter->run()
10 SYSTEMPATH\Commands\Server\rewrite.php(46): require_once('FCPATH\\index.php')
CRITICAL - 2023-01-16 09:04:06 --> Trying to access array offset on value of type null
in APPPATH\Views\supplier\penilaian.php on line 122.
 1 APPPATH\Views\supplier\penilaian.php(122): CodeIgniter\Debug\Exceptions->errorHandler(2, 'Trying to access array offset on value of type null', 'APPPATH\\Views\\supplier\\penilaian.php', 122)
 2 SYSTEMPATH\View\View.php(213): include('APPPATH\\Views\\supplier\\penilaian.php')
 3 SYSTEMPATH\View\View.php(216): CodeIgniter\View\View->CodeIgniter\View\{closure}()
 4 SYSTEMPATH\Common.php(1134): CodeIgniter\View\View->render('supplier/penilaian', [], true)
 5 APPPATH\Controllers\Penilaian.php(12): view('supplier/penilaian', [...])
 6 SYSTEMPATH\CodeIgniter.php(927): App\Controllers\Penilaian->index()
 7 SYSTEMPATH\CodeIgniter.php(482): CodeIgniter\CodeIgniter->runController(Object(App\Controllers\Penilaian))
 8 SYSTEMPATH\CodeIgniter.php(351): CodeIgniter\CodeIgniter->handleRequest(null, Object(Config\Cache), false)
 9 FCPATH\index.php(67): CodeIgniter\CodeIgniter->run()
10 SYSTEMPATH\Commands\Server\rewrite.php(46): require_once('FCPATH\\index.php')
CRITICAL - 2023-01-16 09:06:25 --> Trying to access array offset on value of type null
in APPPATH\Views\supplier\penilaian.php on line 122.
 1 APPPATH\Views\supplier\penilaian.php(122): CodeIgniter\Debug\Exceptions->errorHandler(2, 'Trying to access array offset on value of type null', 'APPPATH\\Views\\supplier\\penilaian.php', 122)
 2 SYSTEMPATH\View\View.php(213): include('APPPATH\\Views\\supplier\\penilaian.php')
 3 SYSTEMPATH\View\View.php(216): CodeIgniter\View\View->CodeIgniter\View\{closure}()
 4 SYSTEMPATH\Common.php(1134): CodeIgniter\View\View->render('supplier/penilaian', [], true)
 5 APPPATH\Controllers\Penilaian.php(12): view('supplier/penilaian', [...])
 6 SYSTEMPATH\CodeIgniter.php(927): App\Controllers\Penilaian->index()
 7 SYSTEMPATH\CodeIgniter.php(482): CodeIgniter\CodeIgniter->runController(Object(App\Controllers\Penilaian))
 8 SYSTEMPATH\CodeIgniter.php(351): CodeIgniter\CodeIgniter->handleRequest(null, Object(Config\Cache), false)
 9 FCPATH\index.php(67): CodeIgniter\CodeIgniter->run()
10 SYSTEMPATH\Commands\Server\rewrite.php(46): require_once('FCPATH\\index.php')
CRITICAL - 2023-01-16 09:08:59 --> Trying to access array offset on value of type null
in APPPATH\Views\supplier\penilaian.php on line 122.
 1 APPPATH\Views\supplier\penilaian.php(122): CodeIgniter\Debug\Exceptions->errorHandler(2, 'Trying to access array offset on value of type null', 'APPPATH\\Views\\supplier\\penilaian.php', 122)
 2 SYSTEMPATH\View\View.php(213): include('APPPATH\\Views\\supplier\\penilaian.php')
 3 SYSTEMPATH\View\View.php(216): CodeIgniter\View\View->CodeIgniter\View\{closure}()
 4 SYSTEMPATH\Common.php(1134): CodeIgniter\View\View->render('supplier/penilaian', [], true)
 5 APPPATH\Controllers\Penilaian.php(12): view('supplier/penilaian', [...])
 6 SYSTEMPATH\CodeIgniter.php(927): App\Controllers\Penilaian->index()
 7 SYSTEMPATH\CodeIgniter.php(482): CodeIgniter\CodeIgniter->runController(Object(App\Controllers\Penilaian))
 8 SYSTEMPATH\CodeIgniter.php(351): CodeIgniter\CodeIgniter->handleRequest(null, Object(Config\Cache), false)
 9 FCPATH\index.php(67): CodeIgniter\CodeIgniter->run()
10 SYSTEMPATH\Commands\Server\rewrite.php(46): require_once('FCPATH\\index.php')
