CRITICAL - 2022-12-21 20:47:50 --> Undefined property: App\Controllers\Root::$dbm
in APPPATH\Controllers\Root.php on line 70.
 1 APPPATH\Controllers\Root.php(70): CodeIgniter\Debug\Exceptions->errorHandler(2, 'Undefined property: App\\Controllers\\Root::$dbm', 'APPPATH\\Controllers\\Root.php', 70)
 2 SYSTEMPATH\CodeIgniter.php(927): App\Controllers\Root->prosesregister()
 3 SYSTEMPATH\CodeIgniter.php(482): CodeIgniter\CodeIgniter->runController(Object(App\Controllers\Root))
 4 SYSTEMPATH\CodeIgniter.php(351): CodeIgniter\CodeIgniter->handleRequest(null, Object(Config\Cache), false)
 5 FCPATH\index.php(67): CodeIgniter\CodeIgniter->run()
 6 SYSTEMPATH\Commands\Server\rewrite.php(46): require_once('FCPATH\\index.php')
CRITICAL - 2022-12-21 20:51:54 --> Undefined variable $kota
in APPPATH\Views\admin\landing.php on line 197.
 1 APPPATH\Views\admin\landing.php(197): CodeIgniter\Debug\Exceptions->errorHandler(2, 'Undefined variable $kota', 'APPPATH\\Views\\admin\\landing.php', 197)
 2 SYSTEMPATH\View\View.php(213): include('APPPATH\\Views\\admin\\landing.php')
 3 SYSTEMPATH\View\View.php(216): CodeIgniter\View\View->CodeIgniter\View\{closure}()
 4 SYSTEMPATH\Common.php(1134): CodeIgniter\View\View->render('admin/landing', [], true)
 5 APPPATH\Controllers\Admin.php(9): view('admin/landing')
 6 SYSTEMPATH\CodeIgniter.php(927): App\Controllers\Admin->index()
 7 SYSTEMPATH\CodeIgniter.php(482): CodeIgniter\CodeIgniter->runController(Object(App\Controllers\Admin))
 8 SYSTEMPATH\CodeIgniter.php(351): CodeIgniter\CodeIgniter->handleRequest(null, Object(Config\Cache), false)
 9 FCPATH\index.php(67): CodeIgniter\CodeIgniter->run()
10 SYSTEMPATH\Commands\Server\rewrite.php(46): require_once('FCPATH\\index.php')
CRITICAL - 2022-12-21 20:54:25 --> Undefined array key "kodeproyek"
in APPPATH\Views\admin\landing.php on line 151.
 1 APPPATH\Views\admin\landing.php(151): CodeIgniter\Debug\Exceptions->errorHandler(2, 'Undefined array key "kodeproyek"', 'APPPATH\\Views\\admin\\landing.php', 151)
 2 SYSTEMPATH\View\View.php(213): include('APPPATH\\Views\\admin\\landing.php')
 3 SYSTEMPATH\View\View.php(216): CodeIgniter\View\View->CodeIgniter\View\{closure}()
 4 SYSTEMPATH\Common.php(1134): CodeIgniter\View\View->render('admin/landing', [], true)
 5 APPPATH\Controllers\Admin.php(9): view('admin/landing')
 6 SYSTEMPATH\CodeIgniter.php(927): App\Controllers\Admin->index()
 7 SYSTEMPATH\CodeIgniter.php(482): CodeIgniter\CodeIgniter->runController(Object(App\Controllers\Admin))
 8 SYSTEMPATH\CodeIgniter.php(351): CodeIgniter\CodeIgniter->handleRequest(null, Object(Config\Cache), false)
 9 FCPATH\index.php(67): CodeIgniter\CodeIgniter->run()
10 SYSTEMPATH\Commands\Server\rewrite.php(46): require_once('FCPATH\\index.php')
CRITICAL - 2022-12-21 21:13:04 --> Undefined property: App\Controllers\Admin::$db
in APPPATH\Controllers\Admin.php on line 20.
 1 APPPATH\Controllers\Admin.php(20): CodeIgniter\Debug\Exceptions->errorHandler(2, 'Undefined property: App\\Controllers\\Admin::$db', 'APPPATH\\Controllers\\Admin.php', 20)
 2 SYSTEMPATH\CodeIgniter.php(927): App\Controllers\Admin->tolakakun('SUP000008')
 3 SYSTEMPATH\CodeIgniter.php(482): CodeIgniter\CodeIgniter->runController(Object(App\Controllers\Admin))
 4 SYSTEMPATH\CodeIgniter.php(351): CodeIgniter\CodeIgniter->handleRequest(null, Object(Config\Cache), false)
 5 FCPATH\index.php(67): CodeIgniter\CodeIgniter->run()
 6 SYSTEMPATH\Commands\Server\rewrite.php(46): require_once('FCPATH\\index.php')
CRITICAL - 2022-12-21 21:13:26 --> Undefined variable $gambar
in APPPATH\Controllers\Admin.php on line 22.
 1 APPPATH\Controllers\Admin.php(22): CodeIgniter\Debug\Exceptions->errorHandler(2, 'Undefined variable $gambar', 'APPPATH\\Controllers\\Admin.php', 22)
 2 SYSTEMPATH\CodeIgniter.php(927): App\Controllers\Admin->tolakakun('FCPATH\\assets\\berkas\\Jellyfish.jpg')
 3 SYSTEMPATH\CodeIgniter.php(482): CodeIgniter\CodeIgniter->runController(Object(App\Controllers\Admin))
 4 SYSTEMPATH\CodeIgniter.php(351): CodeIgniter\CodeIgniter->handleRequest(null, Object(Config\Cache), false)
 5 FCPATH\index.php(67): CodeIgniter\CodeIgniter->run()
 6 SYSTEMPATH\Commands\Server\rewrite.php(46): require_once('FCPATH\\index.php')
CRITICAL - 2022-12-21 21:14:05 --> unlink(./assets/berkas/Jellyfish.jpg): No such file or directory
in APPPATH\Controllers\Admin.php on line 22.
 1 [internal function]: CodeIgniter\Debug\Exceptions->errorHandler(2, 'unlink(./assets/berkas/Jellyfish.jpg): No such file or directory', 'APPPATH\\Controllers\\Admin.php', 22)
 2 APPPATH\Controllers\Admin.php(22): unlink('./assets/berkas/Jellyfish.jpg')
 3 SYSTEMPATH\CodeIgniter.php(927): App\Controllers\Admin->tolakakun('SUP000008')
 4 SYSTEMPATH\CodeIgniter.php(482): CodeIgniter\CodeIgniter->runController(Object(App\Controllers\Admin))
 5 SYSTEMPATH\CodeIgniter.php(351): CodeIgniter\CodeIgniter->handleRequest(null, Object(Config\Cache), false)
 6 FCPATH\index.php(67): CodeIgniter\CodeIgniter->run()
 7 SYSTEMPATH\Commands\Server\rewrite.php(46): require_once('FCPATH\\index.php')
CRITICAL - 2022-12-21 21:19:04 --> Call to undefined method CodeIgniter\Database\MySQLi\Result::getRowArrayResult()
in APPPATH\Views\supplier\landing.php on line 5.
 1 SYSTEMPATH\View\View.php(213): include()
 2 SYSTEMPATH\View\View.php(216): CodeIgniter\View\View->CodeIgniter\View\{closure}()
 3 SYSTEMPATH\Common.php(1134): CodeIgniter\View\View->render('supplier/landing', [], true)
 4 APPPATH\Controllers\Supplier.php(11): view('supplier/landing')
 5 SYSTEMPATH\CodeIgniter.php(927): App\Controllers\Supplier->index()
 6 SYSTEMPATH\CodeIgniter.php(482): CodeIgniter\CodeIgniter->runController(Object(App\Controllers\Supplier))
 7 SYSTEMPATH\CodeIgniter.php(351): CodeIgniter\CodeIgniter->handleRequest(null, Object(Config\Cache), false)
 8 FCPATH\index.php(67): CodeIgniter\CodeIgniter->run()
 9 SYSTEMPATH\Commands\Server\rewrite.php(46): require_once('FCPATH\\index.php')
CRITICAL - 2022-12-21 21:19:27 --> Call to undefined method CodeIgniter\Database\MySQLi\Result::getRowArrayResult()
in APPPATH\Views\supplier\landing.php on line 5.
 1 SYSTEMPATH\View\View.php(213): include()
 2 SYSTEMPATH\View\View.php(216): CodeIgniter\View\View->CodeIgniter\View\{closure}()
 3 SYSTEMPATH\Common.php(1134): CodeIgniter\View\View->render('supplier/landing', [], true)
 4 APPPATH\Controllers\Supplier.php(11): view('supplier/landing')
 5 SYSTEMPATH\CodeIgniter.php(927): App\Controllers\Supplier->index()
 6 SYSTEMPATH\CodeIgniter.php(482): CodeIgniter\CodeIgniter->runController(Object(App\Controllers\Supplier))
 7 SYSTEMPATH\CodeIgniter.php(351): CodeIgniter\CodeIgniter->handleRequest(null, Object(Config\Cache), false)
 8 FCPATH\index.php(67): CodeIgniter\CodeIgniter->run()
 9 SYSTEMPATH\Commands\Server\rewrite.php(46): require_once('FCPATH\\index.php')
