CRITICAL - 2022-11-22 16:08:34 --> Invalid file: admin/nilai.php
in SYSTEMPATH\Exceptions\FrameworkException.php on line 33.
 1 SYSTEMPATH\View\View.php(201): CodeIgniter\Exceptions\FrameworkException::forInvalidFile('admin/nilai.php')
 2 SYSTEMPATH\Common.php(1134): CodeIgniter\View\View->render('admin/nilai', [], true)
 3 APPPATH\Controllers\Nilai.php(13): view('admin/nilai', [...])
 4 SYSTEMPATH\CodeIgniter.php(927): App\Controllers\Nilai->index()
 5 SYSTEMPATH\CodeIgniter.php(482): CodeIgniter\CodeIgniter->runController(Object(App\Controllers\Nilai))
 6 SYSTEMPATH\CodeIgniter.php(351): CodeIgniter\CodeIgniter->handleRequest(null, Object(Config\Cache), false)
 7 FCPATH\index.php(67): CodeIgniter\CodeIgniter->run()
 8 SYSTEMPATH\Commands\Server\rewrite.php(46): require_once('FCPATH\\index.php')
ERROR - 2022-11-22 18:41:55 --> mysqli_sql_exception: You have an error in your SQL syntax; check the manual that corresponds to your MariaDB server version for the right syntax to use near '' at line 1 in C:\xampp\htdocs\atala\system\Database\MySQLi\Connection.php:292
Stack trace:
#0 C:\xampp\htdocs\atala\system\Database\MySQLi\Connection.php(292): mysqli->query('select ', 0)
#1 C:\xampp\htdocs\atala\system\Database\BaseConnection.php(666): CodeIgniter\Database\MySQLi\Connection->execute('select ')
#2 C:\xampp\htdocs\atala\system\Database\BaseConnection.php(593): CodeIgniter\Database\BaseConnection->simpleQuery('select ')
#3 C:\xampp\htdocs\atala\app\Controllers\Nilai.php(27): CodeIgniter\Database\BaseConnection->query('select ')
#4 C:\xampp\htdocs\atala\system\CodeIgniter.php(927): App\Controllers\Nilai->tampildata()
#5 C:\xampp\htdocs\atala\system\CodeIgniter.php(482): CodeIgniter\CodeIgniter->runController(Object(App\Controllers\Nilai))
#6 C:\xampp\htdocs\atala\system\CodeIgniter.php(351): CodeIgniter\CodeIgniter->handleRequest(NULL, Object(Config\Cache), false)
#7 C:\xampp\htdocs\atala\public\index.php(67): CodeIgniter\CodeIgniter->run()
#8 C:\xampp\htdocs\atala\system\Commands\Server\rewrite.php(46): require_once('C:\\xampp\\htdocs...')
#9 {main}
CRITICAL - 2022-11-22 18:41:55 --> foreach() argument must be of type array|object, bool given
in APPPATH\Views\admin\nilai.php on line 58.
 1 APPPATH\Views\admin\nilai.php(58): CodeIgniter\Debug\Exceptions->errorHandler(2, 'foreach() argument must be of type array|object, bool given', 'APPPATH\\Views\\admin\\nilai.php', 58)
 2 SYSTEMPATH\View\View.php(213): include('APPPATH\\Views\\admin\\nilai.php')
 3 SYSTEMPATH\View\View.php(216): CodeIgniter\View\View->CodeIgniter\View\{closure}()
 4 SYSTEMPATH\Common.php(1134): CodeIgniter\View\View->render('admin/nilai', [], true)
 5 APPPATH\Controllers\Nilai.php(28): view('admin/nilai', [...])
 6 SYSTEMPATH\CodeIgniter.php(927): App\Controllers\Nilai->tampildata()
 7 SYSTEMPATH\CodeIgniter.php(482): CodeIgniter\CodeIgniter->runController(Object(App\Controllers\Nilai))
 8 SYSTEMPATH\CodeIgniter.php(351): CodeIgniter\CodeIgniter->handleRequest(null, Object(Config\Cache), false)
 9 FCPATH\index.php(67): CodeIgniter\CodeIgniter->run()
10 SYSTEMPATH\Commands\Server\rewrite.php(46): require_once('FCPATH\\index.php')
ERROR - 2022-11-22 18:42:25 --> mysqli_sql_exception: You have an error in your SQL syntax; check the manual that corresponds to your MariaDB server version for the right syntax to use near '' at line 1 in C:\xampp\htdocs\atala\system\Database\MySQLi\Connection.php:292
Stack trace:
#0 C:\xampp\htdocs\atala\system\Database\MySQLi\Connection.php(292): mysqli->query('select ', 0)
#1 C:\xampp\htdocs\atala\system\Database\BaseConnection.php(666): CodeIgniter\Database\MySQLi\Connection->execute('select ')
#2 C:\xampp\htdocs\atala\system\Database\BaseConnection.php(593): CodeIgniter\Database\BaseConnection->simpleQuery('select ')
#3 C:\xampp\htdocs\atala\app\Controllers\Nilai.php(27): CodeIgniter\Database\BaseConnection->query('select ')
#4 C:\xampp\htdocs\atala\system\CodeIgniter.php(927): App\Controllers\Nilai->tampildata()
#5 C:\xampp\htdocs\atala\system\CodeIgniter.php(482): CodeIgniter\CodeIgniter->runController(Object(App\Controllers\Nilai))
#6 C:\xampp\htdocs\atala\system\CodeIgniter.php(351): CodeIgniter\CodeIgniter->handleRequest(NULL, Object(Config\Cache), false)
#7 C:\xampp\htdocs\atala\public\index.php(67): CodeIgniter\CodeIgniter->run()
#8 C:\xampp\htdocs\atala\system\Commands\Server\rewrite.php(46): require_once('C:\\xampp\\htdocs...')
#9 {main}
ERROR - 2022-11-22 18:42:27 --> mysqli_sql_exception: You have an error in your SQL syntax; check the manual that corresponds to your MariaDB server version for the right syntax to use near '' at line 1 in C:\xampp\htdocs\atala\system\Database\MySQLi\Connection.php:292
Stack trace:
#0 C:\xampp\htdocs\atala\system\Database\MySQLi\Connection.php(292): mysqli->query('select ', 0)
#1 C:\xampp\htdocs\atala\system\Database\BaseConnection.php(666): CodeIgniter\Database\MySQLi\Connection->execute('select ')
#2 C:\xampp\htdocs\atala\system\Database\BaseConnection.php(593): CodeIgniter\Database\BaseConnection->simpleQuery('select ')
#3 C:\xampp\htdocs\atala\app\Controllers\Nilai.php(27): CodeIgniter\Database\BaseConnection->query('select ')
#4 C:\xampp\htdocs\atala\system\CodeIgniter.php(927): App\Controllers\Nilai->tampildata()
#5 C:\xampp\htdocs\atala\system\CodeIgniter.php(482): CodeIgniter\CodeIgniter->runController(Object(App\Controllers\Nilai))
#6 C:\xampp\htdocs\atala\system\CodeIgniter.php(351): CodeIgniter\CodeIgniter->handleRequest(NULL, Object(Config\Cache), false)
#7 C:\xampp\htdocs\atala\public\index.php(67): CodeIgniter\CodeIgniter->run()
#8 C:\xampp\htdocs\atala\system\Commands\Server\rewrite.php(46): require_once('C:\\xampp\\htdocs...')
#9 {main}
CRITICAL - 2022-11-22 18:42:27 --> foreach() argument must be of type array|object, bool given
in APPPATH\Views\admin\nilai.php on line 58.
 1 APPPATH\Views\admin\nilai.php(58): CodeIgniter\Debug\Exceptions->errorHandler(2, 'foreach() argument must be of type array|object, bool given', 'APPPATH\\Views\\admin\\nilai.php', 58)
 2 SYSTEMPATH\View\View.php(213): include('APPPATH\\Views\\admin\\nilai.php')
 3 SYSTEMPATH\View\View.php(216): CodeIgniter\View\View->CodeIgniter\View\{closure}()
 4 SYSTEMPATH\Common.php(1134): CodeIgniter\View\View->render('admin/nilai', [], true)
 5 APPPATH\Controllers\Nilai.php(28): view('admin/nilai', [...])
 6 SYSTEMPATH\CodeIgniter.php(927): App\Controllers\Nilai->tampildata()
 7 SYSTEMPATH\CodeIgniter.php(482): CodeIgniter\CodeIgniter->runController(Object(App\Controllers\Nilai))
 8 SYSTEMPATH\CodeIgniter.php(351): CodeIgniter\CodeIgniter->handleRequest(null, Object(Config\Cache), false)
 9 FCPATH\index.php(67): CodeIgniter\CodeIgniter->run()
10 SYSTEMPATH\Commands\Server\rewrite.php(46): require_once('FCPATH\\index.php')
CRITICAL - 2022-11-22 18:58:54 --> Attempt to read property "nama" on array
in APPPATH\Views\admin\nilai.php on line 59.
 1 APPPATH\Views\admin\nilai.php(59): CodeIgniter\Debug\Exceptions->errorHandler(2, 'Attempt to read property "nama" on array', 'APPPATH\\Views\\admin\\nilai.php', 59)
 2 SYSTEMPATH\View\View.php(213): include('APPPATH\\Views\\admin\\nilai.php')
 3 SYSTEMPATH\View\View.php(216): CodeIgniter\View\View->CodeIgniter\View\{closure}()
 4 SYSTEMPATH\Common.php(1134): CodeIgniter\View\View->render('admin/nilai', [], true)
 5 APPPATH\Controllers\Nilai.php(29): view('admin/nilai', [...])
 6 SYSTEMPATH\CodeIgniter.php(927): App\Controllers\Nilai->tampildata()
 7 SYSTEMPATH\CodeIgniter.php(482): CodeIgniter\CodeIgniter->runController(Object(App\Controllers\Nilai))
 8 SYSTEMPATH\CodeIgniter.php(351): CodeIgniter\CodeIgniter->handleRequest(null, Object(Config\Cache), false)
 9 FCPATH\index.php(67): CodeIgniter\CodeIgniter->run()
10 SYSTEMPATH\Commands\Server\rewrite.php(46): require_once('FCPATH\\index.php')
CRITICAL - 2022-11-22 18:59:18 --> Undefined array key "kodesupplier"
in APPPATH\Views\admin\nilai.php on line 63.
 1 APPPATH\Views\admin\nilai.php(63): CodeIgniter\Debug\Exceptions->errorHandler(2, 'Undefined array key "kodesupplier"', 'APPPATH\\Views\\admin\\nilai.php', 63)
 2 SYSTEMPATH\View\View.php(213): include('APPPATH\\Views\\admin\\nilai.php')
 3 SYSTEMPATH\View\View.php(216): CodeIgniter\View\View->CodeIgniter\View\{closure}()
 4 SYSTEMPATH\Common.php(1134): CodeIgniter\View\View->render('admin/nilai', [], true)
 5 APPPATH\Controllers\Nilai.php(29): view('admin/nilai', [...])
 6 SYSTEMPATH\CodeIgniter.php(927): App\Controllers\Nilai->tampildata()
 7 SYSTEMPATH\CodeIgniter.php(482): CodeIgniter\CodeIgniter->runController(Object(App\Controllers\Nilai))
 8 SYSTEMPATH\CodeIgniter.php(351): CodeIgniter\CodeIgniter->handleRequest(null, Object(Config\Cache), false)
 9 FCPATH\index.php(67): CodeIgniter\CodeIgniter->run()
10 SYSTEMPATH\Commands\Server\rewrite.php(46): require_once('FCPATH\\index.php')
CRITICAL - 2022-11-22 19:03:42 --> count(): Argument #1 ($var) must be of type Countable|array, null given
in APPPATH\Views\admin\nilai.php on line 64.
 1 SYSTEMPATH\View\View.php(213): include()
 2 SYSTEMPATH\View\View.php(216): CodeIgniter\View\View->CodeIgniter\View\{closure}()
 3 SYSTEMPATH\Common.php(1134): CodeIgniter\View\View->render('admin/nilai', [], true)
 4 APPPATH\Controllers\Nilai.php(29): view('admin/nilai', [...])
 5 SYSTEMPATH\CodeIgniter.php(927): App\Controllers\Nilai->tampildata()
 6 SYSTEMPATH\CodeIgniter.php(482): CodeIgniter\CodeIgniter->runController(Object(App\Controllers\Nilai))
 7 SYSTEMPATH\CodeIgniter.php(351): CodeIgniter\CodeIgniter->handleRequest(null, Object(Config\Cache), false)
 8 FCPATH\index.php(67): CodeIgniter\CodeIgniter->run()
 9 SYSTEMPATH\Commands\Server\rewrite.php(46): require_once('FCPATH\\index.php')
CRITICAL - 2022-11-22 19:03:54 --> count(): Argument #1 ($var) must be of type Countable|array, null given
in APPPATH\Views\admin\nilai.php on line 64.
 1 SYSTEMPATH\View\View.php(213): include()
 2 SYSTEMPATH\View\View.php(216): CodeIgniter\View\View->CodeIgniter\View\{closure}()
 3 SYSTEMPATH\Common.php(1134): CodeIgniter\View\View->render('admin/nilai', [], true)
 4 APPPATH\Controllers\Nilai.php(29): view('admin/nilai', [...])
 5 SYSTEMPATH\CodeIgniter.php(927): App\Controllers\Nilai->tampildata()
 6 SYSTEMPATH\CodeIgniter.php(482): CodeIgniter\CodeIgniter->runController(Object(App\Controllers\Nilai))
 7 SYSTEMPATH\CodeIgniter.php(351): CodeIgniter\CodeIgniter->handleRequest(null, Object(Config\Cache), false)
 8 FCPATH\index.php(67): CodeIgniter\CodeIgniter->run()
 9 SYSTEMPATH\Commands\Server\rewrite.php(46): require_once('FCPATH\\index.php')
CRITICAL - 2022-11-22 19:14:31 --> Invalid file: supplier/landing.php
in SYSTEMPATH\Exceptions\FrameworkException.php on line 33.
 1 SYSTEMPATH\View\View.php(201): CodeIgniter\Exceptions\FrameworkException::forInvalidFile('supplier/landing.php')
 2 SYSTEMPATH\Common.php(1134): CodeIgniter\View\View->render('supplier/landing', [], true)
 3 APPPATH\Controllers\Supplier.php(11): view('supplier/landing')
 4 SYSTEMPATH\CodeIgniter.php(927): App\Controllers\Supplier->index()
 5 SYSTEMPATH\CodeIgniter.php(482): CodeIgniter\CodeIgniter->runController(Object(App\Controllers\Supplier))
 6 SYSTEMPATH\CodeIgniter.php(351): CodeIgniter\CodeIgniter->handleRequest(null, Object(Config\Cache), false)
 7 FCPATH\index.php(67): CodeIgniter\CodeIgniter->run()
 8 SYSTEMPATH\Commands\Server\rewrite.php(46): require_once('FCPATH\\index.php')
CRITICAL - 2022-11-22 19:14:49 --> Trying to access array offset on value of type null
in APPPATH\Views\admin\bagiannavigasi.php on line 11.
 1 APPPATH\Views\admin\bagiannavigasi.php(11): CodeIgniter\Debug\Exceptions->errorHandler(2, 'Trying to access array offset on value of type null', 'APPPATH\\Views\\admin\\bagiannavigasi.php', 11)
 2 SYSTEMPATH\View\View.php(213): include('APPPATH\\Views\\admin\\bagiannavigasi.php')
 3 SYSTEMPATH\View\View.php(216): CodeIgniter\View\View->CodeIgniter\View\{closure}()
 4 SYSTEMPATH\Common.php(1134): CodeIgniter\View\View->render('admin/bagiannavigasi', [], true)
 5 APPPATH\Views\supplier\landing.php(8): view('admin/bagiannavigasi')
 6 SYSTEMPATH\View\View.php(213): include('APPPATH\\Views\\supplier\\landing.php')
 7 SYSTEMPATH\View\View.php(216): CodeIgniter\View\View->CodeIgniter\View\{closure}()
 8 SYSTEMPATH\Common.php(1134): CodeIgniter\View\View->render('supplier/landing', [], true)
 9 APPPATH\Controllers\Supplier.php(11): view('supplier/landing')
10 SYSTEMPATH\CodeIgniter.php(927): App\Controllers\Supplier->index()
11 SYSTEMPATH\CodeIgniter.php(482): CodeIgniter\CodeIgniter->runController(Object(App\Controllers\Supplier))
12 SYSTEMPATH\CodeIgniter.php(351): CodeIgniter\CodeIgniter->handleRequest(null, Object(Config\Cache), false)
13 FCPATH\index.php(67): CodeIgniter\CodeIgniter->run()
14 SYSTEMPATH\Commands\Server\rewrite.php(46): require_once('FCPATH\\index.php')
CRITICAL - 2022-11-22 19:15:20 --> Trying to access array offset on value of type null
in APPPATH\Views\supplier\bagiannavigasi.php on line 11.
 1 APPPATH\Views\supplier\bagiannavigasi.php(11): CodeIgniter\Debug\Exceptions->errorHandler(2, 'Trying to access array offset on value of type null', 'APPPATH\\Views\\supplier\\bagiannavigasi.php', 11)
 2 SYSTEMPATH\View\View.php(213): include('APPPATH\\Views\\supplier\\bagiannavigasi.php')
 3 SYSTEMPATH\View\View.php(216): CodeIgniter\View\View->CodeIgniter\View\{closure}()
 4 SYSTEMPATH\Common.php(1134): CodeIgniter\View\View->render('supplier/bagiannavigasi', [], true)
 5 APPPATH\Views\supplier\landing.php(8): view('supplier/bagiannavigasi')
 6 SYSTEMPATH\View\View.php(213): include('APPPATH\\Views\\supplier\\landing.php')
 7 SYSTEMPATH\View\View.php(216): CodeIgniter\View\View->CodeIgniter\View\{closure}()
 8 SYSTEMPATH\Common.php(1134): CodeIgniter\View\View->render('supplier/landing', [], true)
 9 APPPATH\Controllers\Supplier.php(11): view('supplier/landing')
10 SYSTEMPATH\CodeIgniter.php(927): App\Controllers\Supplier->index()
11 SYSTEMPATH\CodeIgniter.php(482): CodeIgniter\CodeIgniter->runController(Object(App\Controllers\Supplier))
12 SYSTEMPATH\CodeIgniter.php(351): CodeIgniter\CodeIgniter->handleRequest(null, Object(Config\Cache), false)
13 FCPATH\index.php(67): CodeIgniter\CodeIgniter->run()
14 SYSTEMPATH\Commands\Server\rewrite.php(46): require_once('FCPATH\\index.php')
CRITICAL - 2022-11-22 19:24:49 --> Invalid file: supplier/profil.php
in SYSTEMPATH\Exceptions\FrameworkException.php on line 33.
 1 SYSTEMPATH\View\View.php(201): CodeIgniter\Exceptions\FrameworkException::forInvalidFile('supplier/profil.php')
 2 SYSTEMPATH\Common.php(1134): CodeIgniter\View\View->render('supplier/profil', [], true)
 3 APPPATH\Controllers\Supplier.php(20): view('supplier/profil', [...])
 4 SYSTEMPATH\CodeIgniter.php(927): App\Controllers\Supplier->tampilprofil()
 5 SYSTEMPATH\CodeIgniter.php(482): CodeIgniter\CodeIgniter->runController(Object(App\Controllers\Supplier))
 6 SYSTEMPATH\CodeIgniter.php(351): CodeIgniter\CodeIgniter->handleRequest(null, Object(Config\Cache), false)
 7 FCPATH\index.php(67): CodeIgniter\CodeIgniter->run()
 8 SYSTEMPATH\Commands\Server\rewrite.php(46): require_once('FCPATH\\index.php')
CRITICAL - 2022-11-22 19:25:12 --> Trying to access array offset on value of type null
in APPPATH\Views\admin\bagiannavigasi.php on line 11.
 1 APPPATH\Views\admin\bagiannavigasi.php(11): CodeIgniter\Debug\Exceptions->errorHandler(2, 'Trying to access array offset on value of type null', 'APPPATH\\Views\\admin\\bagiannavigasi.php', 11)
 2 SYSTEMPATH\View\View.php(213): include('APPPATH\\Views\\admin\\bagiannavigasi.php')
 3 SYSTEMPATH\View\View.php(216): CodeIgniter\View\View->CodeIgniter\View\{closure}()
 4 SYSTEMPATH\Common.php(1134): CodeIgniter\View\View->render('admin/bagiannavigasi', [], true)
 5 APPPATH\Views\supplier\profil.php(8): view('admin/bagiannavigasi')
 6 SYSTEMPATH\View\View.php(213): include('APPPATH\\Views\\supplier\\profil.php')
 7 SYSTEMPATH\View\View.php(216): CodeIgniter\View\View->CodeIgniter\View\{closure}()
 8 SYSTEMPATH\Common.php(1134): CodeIgniter\View\View->render('supplier/profil', [], true)
 9 APPPATH\Controllers\Supplier.php(20): view('supplier/profil', [...])
10 SYSTEMPATH\CodeIgniter.php(927): App\Controllers\Supplier->tampilprofil()
11 SYSTEMPATH\CodeIgniter.php(482): CodeIgniter\CodeIgniter->runController(Object(App\Controllers\Supplier))
12 SYSTEMPATH\CodeIgniter.php(351): CodeIgniter\CodeIgniter->handleRequest(null, Object(Config\Cache), false)
13 FCPATH\index.php(67): CodeIgniter\CodeIgniter->run()
14 SYSTEMPATH\Commands\Server\rewrite.php(46): require_once('FCPATH\\index.php')
CRITICAL - 2022-11-22 19:25:18 --> Cannot access offset of type string on string
in APPPATH\Views\supplier\profil.php on line 50.
 1 SYSTEMPATH\View\View.php(213): include()
 2 SYSTEMPATH\View\View.php(216): CodeIgniter\View\View->CodeIgniter\View\{closure}()
 3 SYSTEMPATH\Common.php(1134): CodeIgniter\View\View->render('supplier/profil', [], true)
 4 APPPATH\Controllers\Supplier.php(20): view('supplier/profil', [...])
 5 SYSTEMPATH\CodeIgniter.php(927): App\Controllers\Supplier->tampilprofil()
 6 SYSTEMPATH\CodeIgniter.php(482): CodeIgniter\CodeIgniter->runController(Object(App\Controllers\Supplier))
 7 SYSTEMPATH\CodeIgniter.php(351): CodeIgniter\CodeIgniter->handleRequest(null, Object(Config\Cache), false)
 8 FCPATH\index.php(67): CodeIgniter\CodeIgniter->run()
 9 SYSTEMPATH\Commands\Server\rewrite.php(46): require_once('FCPATH\\index.php')
CRITICAL - 2022-11-22 19:25:54 --> Undefined variable $kota
in APPPATH\Views\supplier\profil.php on line 49.
 1 APPPATH\Views\supplier\profil.php(49): CodeIgniter\Debug\Exceptions->errorHandler(2, 'Undefined variable $kota', 'APPPATH\\Views\\supplier\\profil.php', 49)
 2 SYSTEMPATH\View\View.php(213): include('APPPATH\\Views\\supplier\\profil.php')
 3 SYSTEMPATH\View\View.php(216): CodeIgniter\View\View->CodeIgniter\View\{closure}()
 4 SYSTEMPATH\Common.php(1134): CodeIgniter\View\View->render('supplier/profil', [], true)
 5 APPPATH\Controllers\Supplier.php(20): view('supplier/profil', [...])
 6 SYSTEMPATH\CodeIgniter.php(927): App\Controllers\Supplier->tampilprofil()
 7 SYSTEMPATH\CodeIgniter.php(482): CodeIgniter\CodeIgniter->runController(Object(App\Controllers\Supplier))
 8 SYSTEMPATH\CodeIgniter.php(351): CodeIgniter\CodeIgniter->handleRequest(null, Object(Config\Cache), false)
 9 FCPATH\index.php(67): CodeIgniter\CodeIgniter->run()
10 SYSTEMPATH\Commands\Server\rewrite.php(46): require_once('FCPATH\\index.php')
CRITICAL - 2022-11-22 19:32:29 --> Trying to access array offset on value of type null
in APPPATH\Views\admin\bagiannavigasi.php on line 11.
 1 APPPATH\Views\admin\bagiannavigasi.php(11): CodeIgniter\Debug\Exceptions->errorHandler(2, 'Trying to access array offset on value of type null', 'APPPATH\\Views\\admin\\bagiannavigasi.php', 11)
 2 SYSTEMPATH\View\View.php(213): include('APPPATH\\Views\\admin\\bagiannavigasi.php')
 3 SYSTEMPATH\View\View.php(216): CodeIgniter\View\View->CodeIgniter\View\{closure}()
 4 SYSTEMPATH\Common.php(1134): CodeIgniter\View\View->render('admin/bagiannavigasi', [], true)
 5 APPPATH\Views\supplier\proyek.php(8): view('admin/bagiannavigasi')
 6 SYSTEMPATH\View\View.php(213): include('APPPATH\\Views\\supplier\\proyek.php')
 7 SYSTEMPATH\View\View.php(216): CodeIgniter\View\View->CodeIgniter\View\{closure}()
 8 SYSTEMPATH\Common.php(1134): CodeIgniter\View\View->render('supplier/proyek', [], true)
 9 APPPATH\Controllers\Register.php(12): view('supplier/proyek', [...])
10 SYSTEMPATH\CodeIgniter.php(927): App\Controllers\Register->index()
11 SYSTEMPATH\CodeIgniter.php(482): CodeIgniter\CodeIgniter->runController(Object(App\Controllers\Register))
12 SYSTEMPATH\CodeIgniter.php(351): CodeIgniter\CodeIgniter->handleRequest(null, Object(Config\Cache), false)
13 FCPATH\index.php(67): CodeIgniter\CodeIgniter->run()
14 SYSTEMPATH\Commands\Server\rewrite.php(46): require_once('FCPATH\\index.php')
CRITICAL - 2022-11-22 19:32:48 --> Trying to access array offset on value of type null
in APPPATH\Views\admin\bagiannavigasi.php on line 11.
 1 APPPATH\Views\admin\bagiannavigasi.php(11): CodeIgniter\Debug\Exceptions->errorHandler(2, 'Trying to access array offset on value of type null', 'APPPATH\\Views\\admin\\bagiannavigasi.php', 11)
 2 SYSTEMPATH\View\View.php(213): include('APPPATH\\Views\\admin\\bagiannavigasi.php')
 3 SYSTEMPATH\View\View.php(216): CodeIgniter\View\View->CodeIgniter\View\{closure}()
 4 SYSTEMPATH\Common.php(1134): CodeIgniter\View\View->render('admin/bagiannavigasi', [], true)
 5 APPPATH\Views\supplier\register.php(8): view('admin/bagiannavigasi')
 6 SYSTEMPATH\View\View.php(213): include('APPPATH\\Views\\supplier\\register.php')
 7 SYSTEMPATH\View\View.php(216): CodeIgniter\View\View->CodeIgniter\View\{closure}()
 8 SYSTEMPATH\Common.php(1134): CodeIgniter\View\View->render('supplier/register', [], true)
 9 APPPATH\Controllers\Register.php(12): view('supplier/register', [...])
10 SYSTEMPATH\CodeIgniter.php(927): App\Controllers\Register->index()
11 SYSTEMPATH\CodeIgniter.php(482): CodeIgniter\CodeIgniter->runController(Object(App\Controllers\Register))
12 SYSTEMPATH\CodeIgniter.php(351): CodeIgniter\CodeIgniter->handleRequest(null, Object(Config\Cache), false)
13 FCPATH\index.php(67): CodeIgniter\CodeIgniter->run()
14 SYSTEMPATH\Commands\Server\rewrite.php(46): require_once('FCPATH\\index.php')
CRITICAL - 2022-11-22 19:33:33 --> foreach() argument must be of type array|object, null given
in APPPATH\Views\supplier\register.php on line 46.
 1 APPPATH\Views\supplier\register.php(46): CodeIgniter\Debug\Exceptions->errorHandler(2, 'foreach() argument must be of type array|object, null given', 'APPPATH\\Views\\supplier\\register.php', 46)
 2 SYSTEMPATH\View\View.php(213): include('APPPATH\\Views\\supplier\\register.php')
 3 SYSTEMPATH\View\View.php(216): CodeIgniter\View\View->CodeIgniter\View\{closure}()
 4 SYSTEMPATH\Common.php(1134): CodeIgniter\View\View->render('supplier/register', [], true)
 5 APPPATH\Controllers\Register.php(12): view('supplier/register', [...])
 6 SYSTEMPATH\CodeIgniter.php(927): App\Controllers\Register->index()
 7 SYSTEMPATH\CodeIgniter.php(482): CodeIgniter\CodeIgniter->runController(Object(App\Controllers\Register))
 8 SYSTEMPATH\CodeIgniter.php(351): CodeIgniter\CodeIgniter->handleRequest(null, Object(Config\Cache), false)
 9 FCPATH\index.php(67): CodeIgniter\CodeIgniter->run()
10 SYSTEMPATH\Commands\Server\rewrite.php(46): require_once('FCPATH\\index.php')
